{"C:\\CodeRepo\\final-project\\server\\src\\app.module.ts": {"path":"C:\\CodeRepo\\final-project\\server\\src\\app.module.ts","statementMap":{"0":{"start":{"line":1,"column":0},"end":{"line":1,"column":40}},"1":{"start":{"line":2,"column":0},"end":{"line":2,"column":46}},"2":{"start":{"line":3,"column":0},"end":{"line":3,"column":73}},"3":{"start":{"line":4,"column":0},"end":{"line":4,"column":79}},"4":{"start":{"line":5,"column":0},"end":{"line":5,"column":65}},"5":{"start":{"line":6,"column":0},"end":{"line":6,"column":42}},"6":{"start":{"line":7,"column":0},"end":{"line":7,"column":62}},"7":{"start":{"line":8,"column":0},"end":{"line":8,"column":57}},"8":{"start":{"line":31,"column":0},"end":{"line":31,"column":null}},"9":{"start":{"line":31,"column":13},"end":{"line":31,"column":null}},"10":{"start":{"line":16,"column":8},"end":{"line":18,"column":10}},"11":{"start":{"line":31,"column":13},"end":{"line":31,"column":22}}},"fnMap":{"0":{"name":"(anonymous_1)","decl":{"start":{"line":15,"column":18},"end":{"line":15,"column":19}},"loc":{"start":{"line":15,"column":57},"end":{"line":19,"column":7}}}},"branchMap":{},"s":{"0":7,"1":7,"2":7,"3":7,"4":7,"5":7,"6":7,"7":7,"8":7,"9":7,"10":7,"11":7},"f":{"0":7},"b":{}}
,"C:\\CodeRepo\\final-project\\server\\src\\config\\config.module.ts": {"path":"C:\\CodeRepo\\final-project\\server\\src\\config\\config.module.ts","statementMap":{"0":{"start":{"line":1,"column":0},"end":{"line":1,"column":40}},"1":{"start":{"line":2,"column":0},"end":{"line":2,"column":72}},"2":{"start":{"line":8,"column":0},"end":{"line":8,"column":null}},"3":{"start":{"line":8,"column":13},"end":{"line":8,"column":null}},"4":{"start":{"line":8,"column":13},"end":{"line":8,"column":36}}},"fnMap":{},"branchMap":{},"s":{"0":7,"1":7,"2":7,"3":7,"4":7},"f":{},"b":{}}
,"C:\\CodeRepo\\final-project\\server\\src\\config\\environment-config.service.ts": {"path":"C:\\CodeRepo\\final-project\\server\\src\\config\\environment-config.service.ts","statementMap":{"0":{"start":{"line":1,"column":0},"end":{"line":1,"column":44}},"1":{"start":{"line":2,"column":0},"end":{"line":2,"column":47}},"2":{"start":{"line":5,"column":0},"end":{"line":31,"column":null}},"3":{"start":{"line":14,"column":31},"end":{"line":14,"column":46}},"4":{"start":{"line":24,"column":2},"end":{"line":24,"column":60}},"5":{"start":{"line":24,"column":38},"end":{"line":24,"column":59}},"6":{"start":{"line":25,"column":2},"end":{"line":25,"column":48}},"7":{"start":{"line":25,"column":32},"end":{"line":25,"column":47}},"8":{"start":{"line":26,"column":2},"end":{"line":26,"column":46}},"9":{"start":{"line":26,"column":31},"end":{"line":26,"column":45}},"10":{"start":{"line":27,"column":2},"end":{"line":27,"column":42}},"11":{"start":{"line":27,"column":31},"end":{"line":27,"column":41}},"12":{"start":{"line":28,"column":2},"end":{"line":28,"column":40}},"13":{"start":{"line":28,"column":30},"end":{"line":28,"column":39}},"14":{"start":{"line":29,"column":2},"end":{"line":29,"column":38}},"15":{"start":{"line":29,"column":27},"end":{"line":29,"column":37}},"16":{"start":{"line":30,"column":2},"end":{"line":30,"column":40}},"17":{"start":{"line":30,"column":26},"end":{"line":30,"column":39}},"18":{"start":{"line":15,"column":4},"end":{"line":15,"column":70}},"19":{"start":{"line":16,"column":4},"end":{"line":16,"column":63}},"20":{"start":{"line":17,"column":4},"end":{"line":17,"column":61}},"21":{"start":{"line":18,"column":4},"end":{"line":18,"column":52}},"22":{"start":{"line":19,"column":4},"end":{"line":19,"column":50}},"23":{"start":{"line":20,"column":4},"end":{"line":20,"column":56}},"24":{"start":{"line":21,"column":4},"end":{"line":21,"column":59}},"25":{"start":{"line":5,"column":13},"end":{"line":31,"column":null}},"26":{"start":{"line":5,"column":13},"end":{"line":5,"column":37}}},"fnMap":{"0":{"name":"(anonymous_2)","decl":{"start":{"line":14,"column":2},"end":{"line":14,"column":31}},"loc":{"start":{"line":14,"column":59},"end":{"line":22,"column":3}}},"1":{"name":"(anonymous_3)","decl":{"start":{"line":24,"column":24},"end":{"line":24,"column":35}},"loc":{"start":{"line":24,"column":38},"end":{"line":24,"column":59}}},"2":{"name":"(anonymous_4)","decl":{"start":{"line":25,"column":18},"end":{"line":25,"column":29}},"loc":{"start":{"line":25,"column":32},"end":{"line":25,"column":47}}},"3":{"name":"(anonymous_5)","decl":{"start":{"line":26,"column":17},"end":{"line":26,"column":28}},"loc":{"start":{"line":26,"column":31},"end":{"line":26,"column":45}}},"4":{"name":"(anonymous_6)","decl":{"start":{"line":27,"column":17},"end":{"line":27,"column":28}},"loc":{"start":{"line":27,"column":31},"end":{"line":27,"column":41}}},"5":{"name":"(anonymous_7)","decl":{"start":{"line":28,"column":16},"end":{"line":28,"column":27}},"loc":{"start":{"line":28,"column":30},"end":{"line":28,"column":39}}},"6":{"name":"(anonymous_8)","decl":{"start":{"line":29,"column":13},"end":{"line":29,"column":24}},"loc":{"start":{"line":29,"column":27},"end":{"line":29,"column":37}}},"7":{"name":"(anonymous_9)","decl":{"start":{"line":30,"column":12},"end":{"line":30,"column":23}},"loc":{"start":{"line":30,"column":26},"end":{"line":30,"column":39}}}},"branchMap":{},"s":{"0":7,"1":7,"2":7,"3":21,"4":21,"5":7,"6":21,"7":0,"8":21,"9":14,"10":21,"11":0,"12":21,"13":0,"14":21,"15":0,"16":21,"17":0,"18":21,"19":21,"20":21,"21":21,"22":21,"23":21,"24":21,"25":7,"26":7},"f":{"0":21,"1":7,"2":0,"3":14,"4":0,"5":0,"6":0,"7":0},"b":{}}
,"C:\\CodeRepo\\final-project\\server\\src\\filter\\http.exception.ts": {"path":"C:\\CodeRepo\\final-project\\server\\src\\filter\\http.exception.ts","statementMap":{"0":{"start":{"line":1,"column":0},"end":{"line":1,"column":null}},"1":{"start":{"line":10,"column":0},"end":{"line":23,"column":null}},"2":{"start":{"line":12,"column":16},"end":{"line":12,"column":35}},"3":{"start":{"line":13,"column":21},"end":{"line":13,"column":48}},"4":{"start":{"line":14,"column":20},"end":{"line":14,"column":45}},"5":{"start":{"line":15,"column":19},"end":{"line":15,"column":40}},"6":{"start":{"line":16,"column":4},"end":{"line":21,"column":7}},"7":{"start":{"line":10,"column":13},"end":{"line":23,"column":null}},"8":{"start":{"line":10,"column":13},"end":{"line":10,"column":32}}},"fnMap":{"0":{"name":"(anonymous_1)","decl":{"start":{"line":11,"column":2},"end":{"line":11,"column":7}},"loc":{"start":{"line":11,"column":53},"end":{"line":22,"column":3}}}},"branchMap":{},"s":{"0":7,"1":7,"2":6,"3":6,"4":6,"5":6,"6":6,"7":7,"8":7},"f":{"0":6},"b":{}}
,"C:\\CodeRepo\\final-project\\server\\src\\interface\\reaction.interface.ts": {"path":"C:\\CodeRepo\\final-project\\server\\src\\interface\\reaction.interface.ts","statementMap":{"0":{"start":{"line":1,"column":0},"end":{"line":1,"column":null}},"1":{"start":{"line":2,"column":2},"end":{"line":2,"column":null}},"2":{"start":{"line":3,"column":2},"end":{"line":3,"column":null}},"3":{"start":{"line":4,"column":2},"end":{"line":4,"column":null}},"4":{"start":{"line":5,"column":2},"end":{"line":5,"column":null}},"5":{"start":{"line":6,"column":2},"end":{"line":6,"column":null}},"6":{"start":{"line":7,"column":2},"end":{"line":7,"column":null}}},"fnMap":{"0":{"name":"(anonymous_0)","decl":{"start":{"line":1,"column":0},"end":{"line":1,"column":12}},"loc":{"start":{"line":1,"column":21},"end":{"line":8,"column":1}}}},"branchMap":{"0":{"loc":{"start":{"line":1,"column":12},"end":{"line":1,"column":null}},"type":"binary-expr","locations":[{"start":{"line":1,"column":12},"end":{"line":1,"column":21}},{"start":{"line":1,"column":12},"end":{"line":1,"column":null}}]}},"s":{"0":7,"1":7,"2":7,"3":7,"4":7,"5":7,"6":7},"f":{"0":7},"b":{"0":[7,7]}}
,"C:\\CodeRepo\\final-project\\server\\src\\interface\\status.interface.ts": {"path":"C:\\CodeRepo\\final-project\\server\\src\\interface\\status.interface.ts","statementMap":{"0":{"start":{"line":1,"column":0},"end":{"line":1,"column":null}},"1":{"start":{"line":2,"column":2},"end":{"line":2,"column":null}},"2":{"start":{"line":3,"column":2},"end":{"line":3,"column":null}},"3":{"start":{"line":4,"column":2},"end":{"line":4,"column":null}},"4":{"start":{"line":5,"column":2},"end":{"line":5,"column":null}}},"fnMap":{"0":{"name":"(anonymous_0)","decl":{"start":{"line":1,"column":0},"end":{"line":1,"column":12}},"loc":{"start":{"line":1,"column":32},"end":{"line":6,"column":1}}}},"branchMap":{"0":{"loc":{"start":{"line":1,"column":12},"end":{"line":1,"column":null}},"type":"binary-expr","locations":[{"start":{"line":1,"column":12},"end":{"line":1,"column":32}},{"start":{"line":1,"column":12},"end":{"line":1,"column":null}}]}},"s":{"0":7,"1":7,"2":7,"3":7,"4":7},"f":{"0":7},"b":{"0":[7,7]}}
,"C:\\CodeRepo\\final-project\\server\\src\\middleware\\authenticate.middleware.ts": {"path":"C:\\CodeRepo\\final-project\\server\\src\\middleware\\authenticate.middleware.ts","statementMap":{"0":{"start":{"line":1,"column":0},"end":{"line":1,"column":42}},"1":{"start":{"line":2,"column":0},"end":{"line":2,"column":63}},"2":{"start":{"line":3,"column":0},"end":{"line":3,"column":67}},"3":{"start":{"line":4,"column":0},"end":{"line":4,"column":75}},"4":{"start":{"line":5,"column":0},"end":{"line":5,"column":80}},"5":{"start":{"line":6,"column":0},"end":{"line":6,"column":63}},"6":{"start":{"line":7,"column":0},"end":{"line":7,"column":55}},"7":{"start":{"line":11,"column":0},"end":{"line":29,"column":null}},"8":{"start":{"line":16,"column":4},"end":{"line":16,"column":12}},"9":{"start":{"line":13,"column":12},"end":{"line":13,"column":29}},"10":{"start":{"line":14,"column":21},"end":{"line":14,"column":37}},"11":{"start":{"line":20,"column":17},"end":{"line":20,"column":71}},"12":{"start":{"line":21,"column":4},"end":{"line":26,"column":null}},"13":{"start":{"line":25,"column":6},"end":{"line":25,"column":40}},"14":{"start":{"line":27,"column":4},"end":{"line":27,"column":16}},"15":{"start":{"line":11,"column":13},"end":{"line":29,"column":null}},"16":{"start":{"line":11,"column":13},"end":{"line":11,"column":26}},"17":{"start":{"line":32,"column":0},"end":{"line":44,"column":null}},"18":{"start":{"line":34,"column":4},"end":{"line":38,"column":7}},"19":{"start":{"line":33,"column":22},"end":{"line":33,"column":37}},"20":{"start":{"line":42,"column":4},"end":{"line":42,"column":31}},"21":{"start":{"line":32,"column":13},"end":{"line":44,"column":null}},"22":{"start":{"line":32,"column":13},"end":{"line":32,"column":24}},"23":{"start":{"line":47,"column":0},"end":{"line":47,"column":null}},"24":{"start":{"line":47,"column":13},"end":{"line":47,"column":null}},"25":{"start":{"line":47,"column":13},"end":{"line":47,"column":33}},"26":{"start":{"line":50,"column":0},"end":{"line":50,"column":null}},"27":{"start":{"line":50,"column":13},"end":{"line":50,"column":null}},"28":{"start":{"line":50,"column":13},"end":{"line":50,"column":35}}},"fnMap":{"0":{"name":"(anonymous_2)","decl":{"start":{"line":12,"column":2},"end":{"line":12,"column":null}},"loc":{"start":{"line":14,"column":51},"end":{"line":17,"column":3}}},"1":{"name":"(anonymous_3)","decl":{"start":{"line":19,"column":2},"end":{"line":19,"column":7}},"loc":{"start":{"line":19,"column":51},"end":{"line":28,"column":3}}},"2":{"name":"(anonymous_4)","decl":{"start":{"line":33,"column":2},"end":{"line":33,"column":22}},"loc":{"start":{"line":33,"column":61},"end":{"line":39,"column":3}}},"3":{"name":"(anonymous_5)","decl":{"start":{"line":41,"column":2},"end":{"line":41,"column":7}},"loc":{"start":{"line":41,"column":29},"end":{"line":43,"column":3}}}},"branchMap":{"0":{"loc":{"start":{"line":21,"column":4},"end":{"line":26,"column":null}},"type":"if","locations":[{"start":{"line":21,"column":4},"end":{"line":26,"column":null}}]},"1":{"loc":{"start":{"line":22,"column":6},"end":{"line":23,"column":69}},"type":"binary-expr","locations":[{"start":{"line":22,"column":6},"end":{"line":22,"column":11}},{"start":{"line":23,"column":6},"end":{"line":23,"column":69}}]},"2":{"loc":{"start":{"line":23,"column":44},"end":{"line":23,"column":58}},"type":"cond-expr","locations":[{"start":{"line":23,"column":48},"end":{"line":23,"column":50}},{"start":{"line":23,"column":44},"end":{"line":23,"column":58}}]},"3":{"loc":{"start":{"line":23,"column":44},"end":{"line":23,"column":50}},"type":"binary-expr","locations":[{"start":{"line":23,"column":44},"end":{"line":23,"column":50}},{"start":{"line":23,"column":44},"end":{"line":23,"column":50}}]}},"s":{"0":7,"1":7,"2":7,"3":7,"4":7,"5":7,"6":7,"7":7,"8":7,"9":7,"10":7,"11":2,"12":2,"13":1,"14":1,"15":7,"16":7,"17":7,"18":7,"19":7,"20":17,"21":7,"22":7,"23":7,"24":7,"25":7,"26":7,"27":7,"28":7},"f":{"0":7,"1":2,"2":7,"3":17},"b":{"0":[1],"1":[2,1],"2":[0,1],"3":[1,1]}}
,"C:\\CodeRepo\\final-project\\server\\src\\middleware\\authorize.middleware.ts": {"path":"C:\\CodeRepo\\final-project\\server\\src\\middleware\\authorize.middleware.ts","statementMap":{"0":{"start":{"line":1,"column":0},"end":{"line":1,"column":null}},"1":{"start":{"line":7,"column":0},"end":{"line":7,"column":41}},"2":{"start":{"line":10,"column":0},"end":{"line":10,"column":null}},"3":{"start":{"line":11,"column":2},"end":{"line":11,"column":null}},"4":{"start":{"line":12,"column":2},"end":{"line":12,"column":null}},"5":{"start":{"line":15,"column":13},"end":{"line":15,"column":33}},"6":{"start":{"line":16,"column":21},"end":{"line":16,"column":72}},"7":{"start":{"line":16,"column":43},"end":{"line":16,"column":72}},"8":{"start":{"line":16,"column":13},"end":{"line":16,"column":21}},"9":{"start":{"line":19,"column":0},"end":{"line":35,"column":null}},"10":{"start":{"line":20,"column":22},"end":{"line":20,"column":33}},"11":{"start":{"line":25,"column":26},"end":{"line":28,"column":6}},"12":{"start":{"line":29,"column":4},"end":{"line":31,"column":null}},"13":{"start":{"line":30,"column":6},"end":{"line":30,"column":18}},"14":{"start":{"line":32,"column":21},"end":{"line":32,"column":56}},"15":{"start":{"line":33,"column":4},"end":{"line":33,"column":61}},"16":{"start":{"line":33,"column":40},"end":{"line":33,"column":59}},"17":{"start":{"line":19,"column":13},"end":{"line":35,"column":null}},"18":{"start":{"line":19,"column":13},"end":{"line":19,"column":23}}},"fnMap":{"0":{"name":"(anonymous_2)","decl":{"start":{"line":10,"column":0},"end":{"line":10,"column":12}},"loc":{"start":{"line":10,"column":16},"end":{"line":13,"column":1}}},"1":{"name":"(anonymous_3)","decl":{"start":{"line":16,"column":21},"end":{"line":16,"column":22}},"loc":{"start":{"line":16,"column":43},"end":{"line":16,"column":72}}},"2":{"name":"(anonymous_4)","decl":{"start":{"line":20,"column":2},"end":{"line":20,"column":22}},"loc":{"start":{"line":20,"column":42},"end":{"line":20,"column":46}}},"3":{"name":"(anonymous_5)","decl":{"start":{"line":22,"column":2},"end":{"line":22,"column":13}},"loc":{"start":{"line":23,"column":29},"end":{"line":34,"column":3}}},"4":{"name":"(anonymous_6)","decl":{"start":{"line":33,"column":30},"end":{"line":33,"column":31}},"loc":{"start":{"line":33,"column":40},"end":{"line":33,"column":59}}}},"branchMap":{"0":{"loc":{"start":{"line":10,"column":12},"end":{"line":10,"column":null}},"type":"binary-expr","locations":[{"start":{"line":10,"column":12},"end":{"line":10,"column":16}},{"start":{"line":10,"column":12},"end":{"line":10,"column":null}}]},"1":{"loc":{"start":{"line":29,"column":4},"end":{"line":31,"column":null}},"type":"if","locations":[{"start":{"line":29,"column":4},"end":{"line":31,"column":null}}]},"2":{"loc":{"start":{"line":33,"column":40},"end":{"line":33,"column":50}},"type":"cond-expr","locations":[{"start":{"line":33,"column":44},"end":{"line":33,"column":46}},{"start":{"line":33,"column":40},"end":{"line":33,"column":50}}]},"3":{"loc":{"start":{"line":33,"column":40},"end":{"line":33,"column":46}},"type":"binary-expr","locations":[{"start":{"line":33,"column":40},"end":{"line":33,"column":46}},{"start":{"line":33,"column":40},"end":{"line":33,"column":46}}]}},"s":{"0":7,"1":7,"2":7,"3":7,"4":7,"5":7,"6":7,"7":0,"8":7,"9":7,"10":7,"11":0,"12":0,"13":0,"14":0,"15":0,"16":0,"17":7,"18":7},"f":{"0":7,"1":0,"2":7,"3":0,"4":0},"b":{"0":[7,7],"1":[0],"2":[0,0],"3":[0,0]}}
,"C:\\CodeRepo\\final-project\\server\\src\\modules\\combine.module.ts": {"path":"C:\\CodeRepo\\final-project\\server\\src\\modules\\combine.module.ts","statementMap":{"0":{"start":{"line":1,"column":0},"end":{"line":1,"column":40}},"1":{"start":{"line":4,"column":0},"end":{"line":4,"column":48}},"2":{"start":{"line":5,"column":0},"end":{"line":5,"column":72}},"3":{"start":{"line":6,"column":0},"end":{"line":6,"column":49}},"4":{"start":{"line":7,"column":0},"end":{"line":7,"column":55}},"5":{"start":{"line":8,"column":0},"end":{"line":8,"column":72}},"6":{"start":{"line":9,"column":0},"end":{"line":9,"column":57}},"7":{"start":{"line":10,"column":0},"end":{"line":10,"column":58}},"8":{"start":{"line":11,"column":0},"end":{"line":11,"column":66}},"9":{"start":{"line":24,"column":0},"end":{"line":24,"column":null}},"10":{"start":{"line":24,"column":13},"end":{"line":24,"column":null}},"11":{"start":{"line":24,"column":13},"end":{"line":24,"column":26}}},"fnMap":{},"branchMap":{},"s":{"0":7,"1":7,"2":7,"3":7,"4":7,"5":7,"6":7,"7":7,"8":7,"9":7,"10":7,"11":7},"f":{},"b":{}}
,"C:\\CodeRepo\\final-project\\server\\src\\modules\\auth\\auth.controller.ts": {"path":"C:\\CodeRepo\\final-project\\server\\src\\modules\\auth\\auth.controller.ts","statementMap":{"0":{"start":{"line":1,"column":0},"end":{"line":1,"column":93}},"1":{"start":{"line":3,"column":0},"end":{"line":3,"column":82}},"2":{"start":{"line":4,"column":0},"end":{"line":4,"column":45}},"3":{"start":{"line":5,"column":0},"end":{"line":5,"column":45}},"4":{"start":{"line":8,"column":0},"end":{"line":49,"column":null}},"5":{"start":{"line":9,"column":31},"end":{"line":9,"column":44}},"6":{"start":{"line":17,"column":21},"end":{"line":17,"column":63}},"7":{"start":{"line":18,"column":4},"end":{"line":18,"column":45}},"8":{"start":{"line":27,"column":4},"end":{"line":32,"column":null}},"9":{"start":{"line":28,"column":6},"end":{"line":28,"column":61}},"10":{"start":{"line":29,"column":6},"end":{"line":29,"column":70}},"11":{"start":{"line":31,"column":6},"end":{"line":31,"column":74}},"12":{"start":{"line":40,"column":4},"end":{"line":47,"column":null}},"13":{"start":{"line":41,"column":6},"end":{"line":41,"column":51}},"14":{"start":{"line":42,"column":6},"end":{"line":44,"column":59}},"15":{"start":{"line":46,"column":6},"end":{"line":46,"column":80}},"16":{"start":{"line":13,"column":2},"end":{"line":19,"column":null}},"17":{"start":{"line":22,"column":2},"end":{"line":33,"column":null}},"18":{"start":{"line":36,"column":2},"end":{"line":48,"column":null}},"19":{"start":{"line":8,"column":13},"end":{"line":49,"column":null}},"20":{"start":{"line":8,"column":13},"end":{"line":8,"column":27}}},"fnMap":{"0":{"name":"(anonymous_4)","decl":{"start":{"line":9,"column":2},"end":{"line":9,"column":31}},"loc":{"start":{"line":9,"column":55},"end":{"line":9,"column":59}}},"1":{"name":"(anonymous_5)","decl":{"start":{"line":13,"column":2},"end":{"line":13,"column":7}},"loc":{"start":{"line":15,"column":45},"end":{"line":19,"column":3}}},"2":{"name":"(anonymous_6)","decl":{"start":{"line":22,"column":2},"end":{"line":22,"column":7}},"loc":{"start":{"line":25,"column":38},"end":{"line":33,"column":3}}},"3":{"name":"(anonymous_7)","decl":{"start":{"line":36,"column":2},"end":{"line":36,"column":7}},"loc":{"start":{"line":38,"column":50},"end":{"line":48,"column":3}}}},"branchMap":{"0":{"loc":{"start":{"line":46,"column":62},"end":{"line":46,"column":76}},"type":"cond-expr","locations":[{"start":{"line":46,"column":67},"end":{"line":46,"column":69}},{"start":{"line":46,"column":62},"end":{"line":46,"column":76}}]},"1":{"loc":{"start":{"line":46,"column":62},"end":{"line":46,"column":69}},"type":"binary-expr","locations":[{"start":{"line":46,"column":62},"end":{"line":46,"column":69}},{"start":{"line":46,"column":62},"end":{"line":46,"column":69}}]}},"s":{"0":7,"1":7,"2":7,"3":7,"4":7,"5":7,"6":1,"7":1,"8":0,"9":0,"10":0,"11":0,"12":3,"13":3,"14":1,"15":2,"16":7,"17":7,"18":7,"19":7,"20":7},"f":{"0":7,"1":1,"2":0,"3":3},"b":{"0":[0,2],"1":[2,2]}}
,"C:\\CodeRepo\\final-project\\server\\src\\modules\\auth\\auth.module.ts": {"path":"C:\\CodeRepo\\final-project\\server\\src\\modules\\auth\\auth.module.ts","statementMap":{"0":{"start":{"line":1,"column":0},"end":{"line":1,"column":40}},"1":{"start":{"line":2,"column":0},"end":{"line":2,"column":58}},"2":{"start":{"line":3,"column":0},"end":{"line":3,"column":50}},"3":{"start":{"line":4,"column":0},"end":{"line":4,"column":69}},"4":{"start":{"line":5,"column":0},"end":{"line":5,"column":83}},"5":{"start":{"line":6,"column":0},"end":{"line":6,"column":86}},"6":{"start":{"line":7,"column":0},"end":{"line":7,"column":67}},"7":{"start":{"line":8,"column":0},"end":{"line":8,"column":78}},"8":{"start":{"line":9,"column":0},"end":{"line":9,"column":66}},"9":{"start":{"line":10,"column":0},"end":{"line":10,"column":58}},"10":{"start":{"line":11,"column":0},"end":{"line":11,"column":58}},"11":{"start":{"line":12,"column":0},"end":{"line":12,"column":79}},"12":{"start":{"line":13,"column":0},"end":{"line":13,"column":51}},"13":{"start":{"line":14,"column":0},"end":{"line":14,"column":45}},"14":{"start":{"line":50,"column":0},"end":{"line":50,"column":null}},"15":{"start":{"line":50,"column":13},"end":{"line":50,"column":null}},"16":{"start":{"line":37,"column":8},"end":{"line":42,"column":10}},"17":{"start":{"line":50,"column":13},"end":{"line":50,"column":23}}},"fnMap":{"0":{"name":"(anonymous_1)","decl":{"start":{"line":36,"column":18},"end":{"line":36,"column":19}},"loc":{"start":{"line":36,"column":62},"end":{"line":43,"column":7}}}},"branchMap":{},"s":{"0":7,"1":7,"2":7,"3":7,"4":7,"5":7,"6":7,"7":7,"8":7,"9":7,"10":7,"11":7,"12":7,"13":7,"14":7,"15":7,"16":7,"17":7},"f":{"0":7},"b":{}}
,"C:\\CodeRepo\\final-project\\server\\src\\modules\\auth\\auth.service.ts": {"path":"C:\\CodeRepo\\final-project\\server\\src\\modules\\auth\\auth.service.ts","statementMap":{"0":{"start":{"line":1,"column":0},"end":{"line":1,"column":65}},"1":{"start":{"line":2,"column":0},"end":{"line":2,"column":41}},"2":{"start":{"line":3,"column":0},"end":{"line":3,"column":78}},"3":{"start":{"line":4,"column":0},"end":{"line":4,"column":66}},"4":{"start":{"line":6,"column":0},"end":{"line":6,"column":58}},"5":{"start":{"line":7,"column":0},"end":{"line":7,"column":62}},"6":{"start":{"line":11,"column":0},"end":{"line":65,"column":null}},"7":{"start":{"line":13,"column":21},"end":{"line":13,"column":37}},"8":{"start":{"line":14,"column":21},"end":{"line":14,"column":33}},"9":{"start":{"line":15,"column":21},"end":{"line":15,"column":38}},"10":{"start":{"line":16,"column":21},"end":{"line":16,"column":43}},"11":{"start":{"line":20,"column":4},"end":{"line":24,"column":6}},"12":{"start":{"line":28,"column":4},"end":{"line":36,"column":null}},"13":{"start":{"line":29,"column":6},"end":{"line":32,"column":8}},"14":{"start":{"line":33,"column":6},"end":{"line":33,"column":13}},"15":{"start":{"line":35,"column":6},"end":{"line":35,"column":65}},"16":{"start":{"line":40,"column":4},"end":{"line":63,"column":null}},"17":{"start":{"line":41,"column":24},"end":{"line":41,"column":35}},"18":{"start":{"line":42,"column":37},"end":{"line":44,"column":8}},"19":{"start":{"line":45,"column":6},"end":{"line":60,"column":null}},"20":{"start":{"line":46,"column":8},"end":{"line":46,"column":51}},"21":{"start":{"line":49,"column":10},"end":{"line":50,"column":57}},"22":{"start":{"line":51,"column":38},"end":{"line":54,"column":null}},"23":{"start":{"line":56,"column":8},"end":{"line":58,"column":11}},"24":{"start":{"line":59,"column":8},"end":{"line":59,"column":44}},"25":{"start":{"line":62,"column":6},"end":{"line":62,"column":29}},"26":{"start":{"line":11,"column":13},"end":{"line":65,"column":null}},"27":{"start":{"line":11,"column":13},"end":{"line":11,"column":24}}},"fnMap":{"0":{"name":"(anonymous_2)","decl":{"start":{"line":12,"column":2},"end":{"line":12,"column":null}},"loc":{"start":{"line":16,"column":63},"end":{"line":17,"column":6}}},"1":{"name":"(anonymous_3)","decl":{"start":{"line":19,"column":2},"end":{"line":19,"column":7}},"loc":{"start":{"line":19,"column":32},"end":{"line":25,"column":3}}},"2":{"name":"(anonymous_4)","decl":{"start":{"line":27,"column":2},"end":{"line":27,"column":7}},"loc":{"start":{"line":27,"column":57},"end":{"line":37,"column":3}}},"3":{"name":"(anonymous_5)","decl":{"start":{"line":39,"column":2},"end":{"line":39,"column":7}},"loc":{"start":{"line":39,"column":41},"end":{"line":64,"column":3}}}},"branchMap":{"0":{"loc":{"start":{"line":45,"column":6},"end":{"line":60,"column":null}},"type":"if","locations":[{"start":{"line":45,"column":6},"end":{"line":60,"column":null}},{"start":{"line":47,"column":13},"end":{"line":60,"column":null}}]}},"s":{"0":7,"1":7,"2":7,"3":7,"4":7,"5":7,"6":7,"7":7,"8":7,"9":7,"10":7,"11":1,"12":0,"13":0,"14":0,"15":0,"16":3,"17":3,"18":3,"19":3,"20":2,"21":1,"22":1,"23":1,"24":1,"25":2,"26":7,"27":7},"f":{"0":7,"1":1,"2":0,"3":3},"b":{"0":[2,1]}}
,"C:\\CodeRepo\\final-project\\server\\src\\modules\\auth\\dto\\user.dto.ts": {"path":"C:\\CodeRepo\\final-project\\server\\src\\modules\\auth\\dto\\user.dto.ts","statementMap":{"0":{"start":{"line":4,"column":0},"end":{"line":4,"column":22}},"1":{"start":{"line":8,"column":0},"end":{"line":8,"column":13}},"2":{"start":{"line":12,"column":0},"end":{"line":12,"column":13}},"3":{"start":{"line":25,"column":4},"end":{"line":25,"column":12}},"4":{"start":{"line":26,"column":4},"end":{"line":26,"column":33}},"5":{"start":{"line":27,"column":4},"end":{"line":27,"column":39}},"6":{"start":{"line":28,"column":4},"end":{"line":28,"column":45}},"7":{"start":{"line":29,"column":4},"end":{"line":29,"column":29}},"8":{"start":{"line":30,"column":4},"end":{"line":30,"column":37}},"9":{"start":{"line":31,"column":4},"end":{"line":31,"column":41}},"10":{"start":{"line":32,"column":4},"end":{"line":32,"column":40}},"11":{"start":{"line":33,"column":4},"end":{"line":33,"column":31}},"12":{"start":{"line":34,"column":4},"end":{"line":34,"column":35}},"13":{"start":{"line":35,"column":4},"end":{"line":35,"column":33}},"14":{"start":{"line":36,"column":4},"end":{"line":36,"column":39}},"15":{"start":{"line":37,"column":4},"end":{"line":37,"column":37}},"16":{"start":{"line":38,"column":4},"end":{"line":38,"column":31}},"17":{"start":{"line":39,"column":4},"end":{"line":39,"column":39}},"18":{"start":{"line":40,"column":4},"end":{"line":40,"column":39}},"19":{"start":{"line":19,"column":0},"end":{"line":19,"column":13}}},"fnMap":{"0":{"name":"(anonymous_0)","decl":{"start":{"line":20,"column":2},"end":{"line":20,"column":null}},"loc":{"start":{"line":23,"column":33},"end":{"line":41,"column":3}}}},"branchMap":{},"s":{"0":7,"1":7,"2":7,"3":344,"4":344,"5":344,"6":344,"7":344,"8":344,"9":344,"10":344,"11":344,"12":344,"13":344,"14":344,"15":344,"16":344,"17":344,"18":344,"19":7},"f":{"0":344},"b":{}}
,"C:\\CodeRepo\\final-project\\server\\src\\modules\\conservation\\conservation.controller.ts": {"path":"C:\\CodeRepo\\final-project\\server\\src\\modules\\conservation\\conservation.controller.ts","statementMap":{"0":{"start":{"line":1,"column":0},"end":{"line":1,"column":null}},"1":{"start":{"line":16,"column":0},"end":{"line":16,"column":80}},"2":{"start":{"line":18,"column":0},"end":{"line":18,"column":62}},"3":{"start":{"line":22,"column":0},"end":{"line":83,"column":null}},"4":{"start":{"line":23,"column":31},"end":{"line":23,"column":52}},"5":{"start":{"line":29,"column":25},"end":{"line":30,"column":null}},"6":{"start":{"line":32,"column":4},"end":{"line":32,"column":64}},"7":{"start":{"line":41,"column":4},"end":{"line":49,"column":null}},"8":{"start":{"line":42,"column":27},"end":{"line":44,"column":null}},"9":{"start":{"line":46,"column":6},"end":{"line":46,"column":66}},"10":{"start":{"line":48,"column":6},"end":{"line":48,"column":70}},"11":{"start":{"line":57,"column":4},"end":{"line":64,"column":null}},"12":{"start":{"line":58,"column":26},"end":{"line":59,"column":null}},"13":{"start":{"line":61,"column":6},"end":{"line":61,"column":70}},"14":{"start":{"line":63,"column":6},"end":{"line":63,"column":79}},"15":{"start":{"line":73,"column":4},"end":{"line":81,"column":null}},"16":{"start":{"line":74,"column":19},"end":{"line":76,"column":null}},"17":{"start":{"line":78,"column":6},"end":{"line":78,"column":52}},"18":{"start":{"line":80,"column":6},"end":{"line":80,"column":79}},"19":{"start":{"line":25,"column":2},"end":{"line":33,"column":null}},"20":{"start":{"line":36,"column":2},"end":{"line":50,"column":null}},"21":{"start":{"line":53,"column":2},"end":{"line":65,"column":null}},"22":{"start":{"line":68,"column":2},"end":{"line":82,"column":null}},"23":{"start":{"line":22,"column":13},"end":{"line":83,"column":null}},"24":{"start":{"line":22,"column":13},"end":{"line":22,"column":35}}},"fnMap":{"0":{"name":"(anonymous_4)","decl":{"start":{"line":23,"column":2},"end":{"line":23,"column":31}},"loc":{"start":{"line":23,"column":71},"end":{"line":23,"column":75}}},"1":{"name":"(anonymous_5)","decl":{"start":{"line":25,"column":2},"end":{"line":25,"column":7}},"loc":{"start":{"line":27,"column":29},"end":{"line":33,"column":3}}},"2":{"name":"(anonymous_6)","decl":{"start":{"line":36,"column":2},"end":{"line":36,"column":7}},"loc":{"start":{"line":39,"column":29},"end":{"line":50,"column":3}}},"3":{"name":"(anonymous_7)","decl":{"start":{"line":53,"column":2},"end":{"line":53,"column":7}},"loc":{"start":{"line":55,"column":29},"end":{"line":65,"column":3}}},"4":{"name":"(anonymous_8)","decl":{"start":{"line":68,"column":2},"end":{"line":68,"column":7}},"loc":{"start":{"line":71,"column":29},"end":{"line":82,"column":3}}}},"branchMap":{},"s":{"0":7,"1":7,"2":7,"3":7,"4":7,"5":1,"6":1,"7":1,"8":1,"9":1,"10":0,"11":1,"12":1,"13":1,"14":0,"15":0,"16":0,"17":0,"18":0,"19":7,"20":7,"21":7,"22":7,"23":7,"24":7},"f":{"0":7,"1":1,"2":1,"3":1,"4":0},"b":{}}
,"C:\\CodeRepo\\final-project\\server\\src\\modules\\conservation\\conservation.dto.ts": {"path":"C:\\CodeRepo\\final-project\\server\\src\\modules\\conservation\\conservation.dto.ts","statementMap":{"0":{"start":{"line":4,"column":0},"end":{"line":4,"column":55}},"1":{"start":{"line":5,"column":0},"end":{"line":5,"column":56}},"2":{"start":{"line":17,"column":4},"end":{"line":17,"column":38}},"3":{"start":{"line":18,"column":4},"end":{"line":18,"column":35}},"4":{"start":{"line":19,"column":4},"end":{"line":19,"column":45}},"5":{"start":{"line":20,"column":4},"end":{"line":20,"column":39}},"6":{"start":{"line":21,"column":4},"end":{"line":21,"column":39}},"7":{"start":{"line":22,"column":4},"end":{"line":22,"column":45}},"8":{"start":{"line":23,"column":4},"end":{"line":23,"column":54}},"9":{"start":{"line":24,"column":4},"end":{"line":26,"column":6}},"10":{"start":{"line":25,"column":20},"end":{"line":25,"column":45}},"11":{"start":{"line":15,"column":0},"end":{"line":15,"column":13}},"12":{"start":{"line":41,"column":4},"end":{"line":41,"column":43}},"13":{"start":{"line":42,"column":4},"end":{"line":44,"column":6}},"14":{"start":{"line":43,"column":16},"end":{"line":43,"column":41}},"15":{"start":{"line":45,"column":4},"end":{"line":47,"column":6}},"16":{"start":{"line":46,"column":19},"end":{"line":46,"column":42}},"17":{"start":{"line":48,"column":4},"end":{"line":48,"column":44}},"18":{"start":{"line":49,"column":4},"end":{"line":49,"column":44}},"19":{"start":{"line":50,"column":4},"end":{"line":50,"column":79}},"20":{"start":{"line":50,"column":52},"end":{"line":50,"column":77}},"21":{"start":{"line":39,"column":0},"end":{"line":39,"column":13}}},"fnMap":{"0":{"name":"(anonymous_0)","decl":{"start":{"line":16,"column":2},"end":{"line":16,"column":14}},"loc":{"start":{"line":16,"column":38},"end":{"line":27,"column":3}}},"1":{"name":"(anonymous_1)","decl":{"start":{"line":25,"column":6},"end":{"line":25,"column":7}},"loc":{"start":{"line":25,"column":20},"end":{"line":25,"column":45}}},"2":{"name":"(anonymous_2)","decl":{"start":{"line":40,"column":2},"end":{"line":40,"column":14}},"loc":{"start":{"line":40,"column":48},"end":{"line":51,"column":3}}},"3":{"name":"(anonymous_3)","decl":{"start":{"line":43,"column":6},"end":{"line":43,"column":7}},"loc":{"start":{"line":43,"column":16},"end":{"line":43,"column":41}}},"4":{"name":"(anonymous_4)","decl":{"start":{"line":46,"column":6},"end":{"line":46,"column":7}},"loc":{"start":{"line":46,"column":19},"end":{"line":46,"column":42}}},"5":{"name":"(anonymous_5)","decl":{"start":{"line":50,"column":42},"end":{"line":50,"column":43}},"loc":{"start":{"line":50,"column":52},"end":{"line":50,"column":77}}}},"branchMap":{},"s":{"0":7,"1":7,"2":247,"3":247,"4":247,"5":247,"6":247,"7":247,"8":247,"9":247,"10":0,"11":7,"12":5,"13":5,"14":10,"15":5,"16":246,"17":5,"18":5,"19":5,"20":8,"21":7},"f":{"0":247,"1":0,"2":5,"3":10,"4":246,"5":8},"b":{}}
,"C:\\CodeRepo\\final-project\\server\\src\\modules\\conservation\\conservation.module.ts": {"path":"C:\\CodeRepo\\final-project\\server\\src\\modules\\conservation\\conservation.module.ts","statementMap":{"0":{"start":{"line":1,"column":0},"end":{"line":1,"column":40}},"1":{"start":{"line":2,"column":0},"end":{"line":2,"column":82}},"2":{"start":{"line":3,"column":0},"end":{"line":3,"column":72}},"3":{"start":{"line":4,"column":0},"end":{"line":4,"column":66}},"4":{"start":{"line":5,"column":0},"end":{"line":5,"column":58}},"5":{"start":{"line":7,"column":0},"end":{"line":7,"column":null}},"6":{"start":{"line":12,"column":0},"end":{"line":12,"column":61}},"7":{"start":{"line":13,"column":0},"end":{"line":13,"column":59}},"8":{"start":{"line":14,"column":0},"end":{"line":14,"column":67}},"9":{"start":{"line":15,"column":0},"end":{"line":15,"column":62}},"10":{"start":{"line":33,"column":0},"end":{"line":33,"column":null}},"11":{"start":{"line":33,"column":13},"end":{"line":33,"column":null}},"12":{"start":{"line":33,"column":13},"end":{"line":33,"column":31}}},"fnMap":{},"branchMap":{},"s":{"0":7,"1":7,"2":7,"3":7,"4":7,"5":7,"6":7,"7":7,"8":7,"9":7,"10":7,"11":7,"12":7},"f":{},"b":{}}
,"C:\\CodeRepo\\final-project\\server\\src\\modules\\conservation\\conversavtion.service.ts": {"path":"C:\\CodeRepo\\final-project\\server\\src\\modules\\conservation\\conversavtion.service.ts","statementMap":{"0":{"start":{"line":1,"column":0},"end":{"line":1,"column":44}},"1":{"start":{"line":2,"column":0},"end":{"line":2,"column":82}},"2":{"start":{"line":3,"column":0},"end":{"line":3,"column":72}},"3":{"start":{"line":4,"column":0},"end":{"line":4,"column":66}},"4":{"start":{"line":6,"column":0},"end":{"line":6,"column":61}},"5":{"start":{"line":7,"column":0},"end":{"line":7,"column":null}},"6":{"start":{"line":14,"column":0},"end":{"line":139,"column":null}},"7":{"start":{"line":16,"column":21},"end":{"line":16,"column":40}},"8":{"start":{"line":17,"column":21},"end":{"line":17,"column":45}},"9":{"start":{"line":18,"column":21},"end":{"line":18,"column":37}},"10":{"start":{"line":19,"column":21},"end":{"line":19,"column":37}},"11":{"start":{"line":23,"column":30},"end":{"line":31,"column":null}},"12":{"start":{"line":34,"column":4},"end":{"line":40,"column":64}},"13":{"start":{"line":37,"column":10},"end":{"line":38,"column":73}},"14":{"start":{"line":40,"column":29},"end":{"line":40,"column":62}},"15":{"start":{"line":47,"column":29},"end":{"line":58,"column":null}},"16":{"start":{"line":60,"column":4},"end":{"line":60,"column":49}},"17":{"start":{"line":67,"column":17},"end":{"line":67,"column":67}},"18":{"start":{"line":68,"column":25},"end":{"line":70,"column":6}},"19":{"start":{"line":71,"column":26},"end":{"line":71,"column":56}},"20":{"start":{"line":72,"column":4},"end":{"line":75,"column":6}},"21":{"start":{"line":76,"column":33},"end":{"line":84,"column":null}},"22":{"start":{"line":86,"column":4},"end":{"line":92,"column":64}},"23":{"start":{"line":89,"column":10},"end":{"line":90,"column":73}},"24":{"start":{"line":92,"column":29},"end":{"line":92,"column":62}},"25":{"start":{"line":96,"column":19},"end":{"line":98,"column":6}},"26":{"start":{"line":99,"column":21},"end":{"line":101,"column":6}},"27":{"start":{"line":102,"column":27},"end":{"line":106,"column":6}},"28":{"start":{"line":107,"column":29},"end":{"line":112,"column":null}},"29":{"start":{"line":114,"column":4},"end":{"line":126,"column":null}},"30":{"start":{"line":115,"column":30},"end":{"line":115,"column":76}},"31":{"start":{"line":116,"column":6},"end":{"line":119,"column":8}},"32":{"start":{"line":121,"column":6},"end":{"line":125,"column":9}},"33":{"start":{"line":127,"column":4},"end":{"line":136,"column":null}},"34":{"start":{"line":128,"column":6},"end":{"line":131,"column":38}},"35":{"start":{"line":132,"column":6},"end":{"line":135,"column":65}},"36":{"start":{"line":137,"column":4},"end":{"line":137,"column":42}},"37":{"start":{"line":14,"column":13},"end":{"line":139,"column":null}},"38":{"start":{"line":14,"column":13},"end":{"line":14,"column":32}}},"fnMap":{"0":{"name":"(anonymous_2)","decl":{"start":{"line":15,"column":2},"end":{"line":15,"column":null}},"loc":{"start":{"line":19,"column":52},"end":{"line":20,"column":6}}},"1":{"name":"(anonymous_3)","decl":{"start":{"line":22,"column":2},"end":{"line":22,"column":7}},"loc":{"start":{"line":22,"column":42},"end":{"line":41,"column":3}}},"2":{"name":"(anonymous_4)","decl":{"start":{"line":36,"column":8},"end":{"line":36,"column":9}},"loc":{"start":{"line":37,"column":10},"end":{"line":38,"column":73}}},"3":{"name":"(anonymous_5)","decl":{"start":{"line":40,"column":11},"end":{"line":40,"column":12}},"loc":{"start":{"line":40,"column":29},"end":{"line":40,"column":62}}},"4":{"name":"(anonymous_6)","decl":{"start":{"line":43,"column":2},"end":{"line":43,"column":7}},"loc":{"start":{"line":45,"column":20},"end":{"line":61,"column":3}}},"5":{"name":"(anonymous_7)","decl":{"start":{"line":63,"column":2},"end":{"line":63,"column":7}},"loc":{"start":{"line":65,"column":18},"end":{"line":93,"column":3}}},"6":{"name":"(anonymous_8)","decl":{"start":{"line":88,"column":8},"end":{"line":88,"column":9}},"loc":{"start":{"line":89,"column":10},"end":{"line":90,"column":73}}},"7":{"name":"(anonymous_9)","decl":{"start":{"line":92,"column":11},"end":{"line":92,"column":12}},"loc":{"start":{"line":92,"column":29},"end":{"line":92,"column":62}}},"8":{"name":"(anonymous_10)","decl":{"start":{"line":95,"column":2},"end":{"line":95,"column":7}},"loc":{"start":{"line":95,"column":49},"end":{"line":138,"column":3}}}},"branchMap":{"0":{"loc":{"start":{"line":114,"column":4},"end":{"line":126,"column":null}},"type":"if","locations":[{"start":{"line":114,"column":4},"end":{"line":126,"column":null}},{"start":{"line":120,"column":11},"end":{"line":126,"column":null}}]},"1":{"loc":{"start":{"line":127,"column":4},"end":{"line":136,"column":null}},"type":"if","locations":[{"start":{"line":127,"column":4},"end":{"line":136,"column":null}}]}},"s":{"0":7,"1":7,"2":7,"3":7,"4":7,"5":7,"6":7,"7":7,"8":7,"9":7,"10":7,"11":1,"12":1,"13":6,"14":4,"15":1,"16":1,"17":0,"18":0,"19":0,"20":0,"21":0,"22":0,"23":0,"24":0,"25":1,"26":1,"27":1,"28":1,"29":1,"30":1,"31":1,"32":0,"33":1,"34":0,"35":0,"36":1,"37":7,"38":7},"f":{"0":7,"1":1,"2":6,"3":4,"4":1,"5":0,"6":0,"7":0,"8":1},"b":{"0":[1,0],"1":[0]}}
,"C:\\CodeRepo\\final-project\\server\\src\\modules\\feeds\\feed.controller.ts": {"path":"C:\\CodeRepo\\final-project\\server\\src\\modules\\feeds\\feed.controller.ts","statementMap":{"0":{"start":{"line":1,"column":0},"end":{"line":1,"column":null}},"1":{"start":{"line":14,"column":0},"end":{"line":14,"column":80}},"2":{"start":{"line":15,"column":0},"end":{"line":15,"column":56}},"3":{"start":{"line":16,"column":0},"end":{"line":16,"column":55}},"4":{"start":{"line":17,"column":0},"end":{"line":17,"column":45}},"5":{"start":{"line":21,"column":0},"end":{"line":137,"column":null}},"6":{"start":{"line":22,"column":31},"end":{"line":22,"column":44}},"7":{"start":{"line":26,"column":20},"end":{"line":26,"column":28}},"8":{"start":{"line":27,"column":32},"end":{"line":27,"column":71}},"9":{"start":{"line":28,"column":4},"end":{"line":28,"column":60}},"10":{"start":{"line":36,"column":32},"end":{"line":36,"column":77}},"11":{"start":{"line":37,"column":4},"end":{"line":37,"column":60}},"12":{"start":{"line":45,"column":21},"end":{"line":45,"column":65}},"13":{"start":{"line":46,"column":4},"end":{"line":46,"column":60}},"14":{"start":{"line":56,"column":4},"end":{"line":65,"column":null}},"15":{"start":{"line":57,"column":22},"end":{"line":60,"column":null}},"16":{"start":{"line":62,"column":6},"end":{"line":62,"column":66}},"17":{"start":{"line":64,"column":6},"end":{"line":64,"column":79}},"18":{"start":{"line":75,"column":4},"end":{"line":84,"column":null}},"19":{"start":{"line":76,"column":26},"end":{"line":79,"column":null}},"20":{"start":{"line":81,"column":6},"end":{"line":81,"column":70}},"21":{"start":{"line":83,"column":6},"end":{"line":83,"column":79}},"22":{"start":{"line":94,"column":4},"end":{"line":102,"column":null}},"23":{"start":{"line":95,"column":24},"end":{"line":97,"column":null}},"24":{"start":{"line":99,"column":6},"end":{"line":99,"column":63}},"25":{"start":{"line":101,"column":6},"end":{"line":101,"column":79}},"26":{"start":{"line":111,"column":4},"end":{"line":120,"column":null}},"27":{"start":{"line":112,"column":25},"end":{"line":115,"column":null}},"28":{"start":{"line":117,"column":6},"end":{"line":117,"column":69}},"29":{"start":{"line":119,"column":6},"end":{"line":119,"column":79}},"30":{"start":{"line":129,"column":20},"end":{"line":129,"column":28}},"31":{"start":{"line":130,"column":4},"end":{"line":135,"column":null}},"32":{"start":{"line":131,"column":23},"end":{"line":131,"column":77}},"33":{"start":{"line":132,"column":6},"end":{"line":132,"column":67}},"34":{"start":{"line":134,"column":6},"end":{"line":134,"column":76}},"35":{"start":{"line":25,"column":2},"end":{"line":29,"column":null}},"36":{"start":{"line":32,"column":2},"end":{"line":38,"column":null}},"37":{"start":{"line":41,"column":2},"end":{"line":47,"column":null}},"38":{"start":{"line":50,"column":2},"end":{"line":66,"column":null}},"39":{"start":{"line":69,"column":2},"end":{"line":85,"column":null}},"40":{"start":{"line":88,"column":2},"end":{"line":103,"column":null}},"41":{"start":{"line":105,"column":2},"end":{"line":121,"column":null}},"42":{"start":{"line":124,"column":2},"end":{"line":136,"column":null}},"43":{"start":{"line":21,"column":13},"end":{"line":137,"column":null}},"44":{"start":{"line":21,"column":13},"end":{"line":21,"column":27}}},"fnMap":{"0":{"name":"(anonymous_4)","decl":{"start":{"line":22,"column":2},"end":{"line":22,"column":31}},"loc":{"start":{"line":22,"column":55},"end":{"line":22,"column":59}}},"1":{"name":"(anonymous_5)","decl":{"start":{"line":25,"column":2},"end":{"line":25,"column":7}},"loc":{"start":{"line":25,"column":54},"end":{"line":29,"column":3}}},"2":{"name":"(anonymous_6)","decl":{"start":{"line":32,"column":2},"end":{"line":32,"column":7}},"loc":{"start":{"line":34,"column":29},"end":{"line":38,"column":3}}},"3":{"name":"(anonymous_7)","decl":{"start":{"line":41,"column":2},"end":{"line":41,"column":7}},"loc":{"start":{"line":43,"column":29},"end":{"line":47,"column":3}}},"4":{"name":"(anonymous_8)","decl":{"start":{"line":50,"column":2},"end":{"line":50,"column":7}},"loc":{"start":{"line":54,"column":29},"end":{"line":66,"column":3}}},"5":{"name":"(anonymous_9)","decl":{"start":{"line":69,"column":2},"end":{"line":69,"column":7}},"loc":{"start":{"line":73,"column":29},"end":{"line":85,"column":3}}},"6":{"name":"(anonymous_10)","decl":{"start":{"line":88,"column":2},"end":{"line":88,"column":7}},"loc":{"start":{"line":92,"column":29},"end":{"line":103,"column":3}}},"7":{"name":"(anonymous_11)","decl":{"start":{"line":105,"column":2},"end":{"line":105,"column":7}},"loc":{"start":{"line":109,"column":29},"end":{"line":121,"column":3}}},"8":{"name":"(anonymous_12)","decl":{"start":{"line":124,"column":2},"end":{"line":124,"column":7}},"loc":{"start":{"line":127,"column":29},"end":{"line":136,"column":3}}}},"branchMap":{},"s":{"0":7,"1":7,"2":7,"3":7,"4":7,"5":7,"6":7,"7":1,"8":1,"9":1,"10":1,"11":1,"12":1,"13":1,"14":2,"15":2,"16":2,"17":0,"18":0,"19":0,"20":0,"21":0,"22":0,"23":0,"24":0,"25":0,"26":0,"27":0,"28":0,"29":0,"30":1,"31":1,"32":1,"33":1,"34":0,"35":7,"36":7,"37":7,"38":7,"39":7,"40":7,"41":7,"42":7,"43":7,"44":7},"f":{"0":7,"1":1,"2":1,"3":1,"4":2,"5":0,"6":0,"7":0,"8":1},"b":{}}
,"C:\\CodeRepo\\final-project\\server\\src\\modules\\feeds\\feed.module.ts": {"path":"C:\\CodeRepo\\final-project\\server\\src\\modules\\feeds\\feed.module.ts","statementMap":{"0":{"start":{"line":1,"column":0},"end":{"line":1,"column":40}},"1":{"start":{"line":2,"column":0},"end":{"line":2,"column":72}},"2":{"start":{"line":3,"column":0},"end":{"line":3,"column":66}},"3":{"start":{"line":4,"column":0},"end":{"line":4,"column":78}},"4":{"start":{"line":5,"column":0},"end":{"line":5,"column":74}},"5":{"start":{"line":6,"column":0},"end":{"line":6,"column":66}},"6":{"start":{"line":8,"column":0},"end":{"line":8,"column":58}},"7":{"start":{"line":9,"column":0},"end":{"line":9,"column":null}},"8":{"start":{"line":16,"column":0},"end":{"line":16,"column":51}},"9":{"start":{"line":17,"column":0},"end":{"line":17,"column":45}},"10":{"start":{"line":36,"column":0},"end":{"line":36,"column":null}},"11":{"start":{"line":36,"column":13},"end":{"line":36,"column":null}},"12":{"start":{"line":36,"column":13},"end":{"line":36,"column":23}}},"fnMap":{},"branchMap":{},"s":{"0":7,"1":7,"2":7,"3":7,"4":7,"5":7,"6":7,"7":7,"8":7,"9":7,"10":7,"11":7,"12":7},"f":{},"b":{}}
,"C:\\CodeRepo\\final-project\\server\\src\\modules\\feeds\\feed.service.ts": {"path":"C:\\CodeRepo\\final-project\\server\\src\\modules\\feeds\\feed.service.ts","statementMap":{"0":{"start":{"line":1,"column":0},"end":{"line":1,"column":44}},"1":{"start":{"line":2,"column":0},"end":{"line":2,"column":72}},"2":{"start":{"line":3,"column":0},"end":{"line":3,"column":66}},"3":{"start":{"line":4,"column":0},"end":{"line":4,"column":78}},"4":{"start":{"line":5,"column":0},"end":{"line":5,"column":74}},"5":{"start":{"line":6,"column":0},"end":{"line":6,"column":66}},"6":{"start":{"line":13,"column":0},"end":{"line":13,"column":48}},"7":{"start":{"line":14,"column":0},"end":{"line":14,"column":56}},"8":{"start":{"line":15,"column":0},"end":{"line":15,"column":68}},"9":{"start":{"line":18,"column":0},"end":{"line":231,"column":null}},"10":{"start":{"line":20,"column":21},"end":{"line":20,"column":37}},"11":{"start":{"line":21,"column":21},"end":{"line":21,"column":41}},"12":{"start":{"line":22,"column":21},"end":{"line":22,"column":40}},"13":{"start":{"line":23,"column":21},"end":{"line":23,"column":37}},"14":{"start":{"line":24,"column":21},"end":{"line":24,"column":43}},"15":{"start":{"line":28,"column":31},"end":{"line":30,"column":6}},"16":{"start":{"line":31,"column":38},"end":{"line":33,"column":null}},"17":{"start":{"line":35,"column":4},"end":{"line":45,"column":7}},"18":{"start":{"line":46,"column":4},"end":{"line":46,"column":36}},"19":{"start":{"line":50,"column":40},"end":{"line":68,"column":null}},"20":{"start":{"line":70,"column":4},"end":{"line":70,"column":79}},"21":{"start":{"line":70,"column":60},"end":{"line":70,"column":77}},"22":{"start":{"line":74,"column":21},"end":{"line":86,"column":6}},"23":{"start":{"line":87,"column":4},"end":{"line":87,"column":33}},"24":{"start":{"line":92,"column":6},"end":{"line":94,"column":8}},"25":{"start":{"line":95,"column":35},"end":{"line":96,"column":null}},"26":{"start":{"line":96,"column":6},"end":{"line":96,"column":27}},"27":{"start":{"line":98,"column":21},"end":{"line":114,"column":null}},"28":{"start":{"line":116,"column":4},"end":{"line":116,"column":76}},"29":{"start":{"line":116,"column":57},"end":{"line":116,"column":74}},"30":{"start":{"line":124,"column":35},"end":{"line":126,"column":6}},"31":{"start":{"line":127,"column":33},"end":{"line":129,"column":6}},"32":{"start":{"line":130,"column":40},"end":{"line":133,"column":6}},"33":{"start":{"line":134,"column":45},"end":{"line":134,"column":79}},"34":{"start":{"line":135,"column":4},"end":{"line":138,"column":6}},"35":{"start":{"line":139,"column":17},"end":{"line":141,"column":6}},"36":{"start":{"line":142,"column":4},"end":{"line":142,"column":67}},"37":{"start":{"line":142,"column":42},"end":{"line":142,"column":65}},"38":{"start":{"line":150,"column":19},"end":{"line":150,"column":69}},"39":{"start":{"line":151,"column":35},"end":{"line":154,"column":null}},"40":{"start":{"line":157,"column":6},"end":{"line":160,"column":8}},"41":{"start":{"line":161,"column":4},"end":{"line":175,"column":null}},"42":{"start":{"line":162,"column":6},"end":{"line":168,"column":8}},"43":{"start":{"line":169,"column":27},"end":{"line":172,"column":null}},"44":{"start":{"line":174,"column":6},"end":{"line":174,"column":71}},"45":{"start":{"line":174,"column":44},"end":{"line":174,"column":69}},"46":{"start":{"line":176,"column":42},"end":{"line":180,"column":6}},"47":{"start":{"line":181,"column":49},"end":{"line":184,"column":6}},"48":{"start":{"line":185,"column":4},"end":{"line":188,"column":6}},"49":{"start":{"line":189,"column":25},"end":{"line":192,"column":null}},"50":{"start":{"line":194,"column":4},"end":{"line":194,"column":69}},"51":{"start":{"line":194,"column":42},"end":{"line":194,"column":67}},"52":{"start":{"line":201,"column":4},"end":{"line":201,"column":72}},"53":{"start":{"line":202,"column":25},"end":{"line":205,"column":null}},"54":{"start":{"line":207,"column":4},"end":{"line":207,"column":69}},"55":{"start":{"line":207,"column":42},"end":{"line":207,"column":67}},"56":{"start":{"line":215,"column":19},"end":{"line":215,"column":69}},"57":{"start":{"line":216,"column":41},"end":{"line":218,"column":6}},"58":{"start":{"line":219,"column":27},"end":{"line":222,"column":6}},"59":{"start":{"line":223,"column":4},"end":{"line":229,"column":6}},"60":{"start":{"line":18,"column":13},"end":{"line":231,"column":null}},"61":{"start":{"line":18,"column":13},"end":{"line":18,"column":24}}},"fnMap":{"0":{"name":"(anonymous_2)","decl":{"start":{"line":19,"column":2},"end":{"line":19,"column":null}},"loc":{"start":{"line":24,"column":63},"end":{"line":25,"column":6}}},"1":{"name":"(anonymous_3)","decl":{"start":{"line":27,"column":2},"end":{"line":27,"column":7}},"loc":{"start":{"line":27,"column":57},"end":{"line":47,"column":3}}},"2":{"name":"(anonymous_4)","decl":{"start":{"line":49,"column":2},"end":{"line":49,"column":7}},"loc":{"start":{"line":49,"column":37},"end":{"line":71,"column":3}}},"3":{"name":"(anonymous_5)","decl":{"start":{"line":70,"column":27},"end":{"line":70,"column":28}},"loc":{"start":{"line":70,"column":60},"end":{"line":70,"column":77}}},"4":{"name":"(anonymous_6)","decl":{"start":{"line":73,"column":2},"end":{"line":73,"column":7}},"loc":{"start":{"line":73,"column":36},"end":{"line":88,"column":3}}},"5":{"name":"(anonymous_7)","decl":{"start":{"line":90,"column":2},"end":{"line":90,"column":7}},"loc":{"start":{"line":90,"column":34},"end":{"line":117,"column":3}}},"6":{"name":"(anonymous_8)","decl":{"start":{"line":95,"column":66},"end":{"line":95,"column":67}},"loc":{"start":{"line":96,"column":6},"end":{"line":96,"column":27}}},"7":{"name":"(anonymous_9)","decl":{"start":{"line":116,"column":24},"end":{"line":116,"column":25}},"loc":{"start":{"line":116,"column":57},"end":{"line":116,"column":74}}},"8":{"name":"(anonymous_10)","decl":{"start":{"line":119,"column":2},"end":{"line":119,"column":7}},"loc":{"start":{"line":122,"column":19},"end":{"line":143,"column":3}}},"9":{"name":"(anonymous_11)","decl":{"start":{"line":142,"column":29},"end":{"line":142,"column":30}},"loc":{"start":{"line":142,"column":42},"end":{"line":142,"column":65}}},"10":{"name":"(anonymous_12)","decl":{"start":{"line":145,"column":2},"end":{"line":145,"column":7}},"loc":{"start":{"line":148,"column":34},"end":{"line":195,"column":3}}},"11":{"name":"(anonymous_13)","decl":{"start":{"line":174,"column":30},"end":{"line":174,"column":31}},"loc":{"start":{"line":174,"column":44},"end":{"line":174,"column":69}}},"12":{"name":"(anonymous_14)","decl":{"start":{"line":194,"column":28},"end":{"line":194,"column":29}},"loc":{"start":{"line":194,"column":42},"end":{"line":194,"column":67}}},"13":{"name":"(anonymous_15)","decl":{"start":{"line":197,"column":2},"end":{"line":197,"column":7}},"loc":{"start":{"line":199,"column":22},"end":{"line":208,"column":3}}},"14":{"name":"(anonymous_16)","decl":{"start":{"line":207,"column":28},"end":{"line":207,"column":29}},"loc":{"start":{"line":207,"column":42},"end":{"line":207,"column":67}}},"15":{"name":"(anonymous_17)","decl":{"start":{"line":210,"column":2},"end":{"line":210,"column":7}},"loc":{"start":{"line":213,"column":19},"end":{"line":230,"column":3}}}},"branchMap":{"0":{"loc":{"start":{"line":161,"column":4},"end":{"line":175,"column":null}},"type":"if","locations":[{"start":{"line":161,"column":4},"end":{"line":175,"column":null}}]}},"s":{"0":7,"1":7,"2":7,"3":7,"4":7,"5":7,"6":7,"7":7,"8":7,"9":7,"10":7,"11":7,"12":7,"13":7,"14":7,"15":1,"16":1,"17":1,"18":1,"19":1,"20":1,"21":15,"22":1,"23":1,"24":1,"25":1,"26":4,"27":1,"28":1,"29":19,"30":2,"31":2,"32":2,"33":2,"34":2,"35":2,"36":2,"37":41,"38":0,"39":0,"40":0,"41":0,"42":0,"43":0,"44":0,"45":0,"46":0,"47":0,"48":0,"49":0,"50":0,"51":0,"52":0,"53":0,"54":0,"55":0,"56":0,"57":0,"58":0,"59":0,"60":7,"61":7},"f":{"0":7,"1":1,"2":1,"3":15,"4":1,"5":1,"6":4,"7":19,"8":2,"9":41,"10":0,"11":0,"12":0,"13":0,"14":0,"15":0},"b":{"0":[0]}}
,"C:\\CodeRepo\\final-project\\server\\src\\modules\\feeds\\dto\\comments.dto.ts": {"path":"C:\\CodeRepo\\final-project\\server\\src\\modules\\feeds\\dto\\comments.dto.ts","statementMap":{"0":{"start":{"line":2,"column":0},"end":{"line":2,"column":60}},"1":{"start":{"line":7,"column":4},"end":{"line":7,"column":38}},"2":{"start":{"line":8,"column":4},"end":{"line":8,"column":54}},"3":{"start":{"line":9,"column":4},"end":{"line":9,"column":35}},"4":{"start":{"line":10,"column":4},"end":{"line":10,"column":39}},"5":{"start":{"line":11,"column":4},"end":{"line":11,"column":75}},"6":{"start":{"line":11,"column":52},"end":{"line":11,"column":73}},"7":{"start":{"line":5,"column":0},"end":{"line":5,"column":13}}},"fnMap":{"0":{"name":"(anonymous_0)","decl":{"start":{"line":6,"column":2},"end":{"line":6,"column":14}},"loc":{"start":{"line":6,"column":38},"end":{"line":12,"column":3}}},"1":{"name":"(anonymous_1)","decl":{"start":{"line":11,"column":41},"end":{"line":11,"column":42}},"loc":{"start":{"line":11,"column":52},"end":{"line":11,"column":73}}}},"branchMap":{"0":{"loc":{"start":{"line":11,"column":19},"end":{"line":11,"column":74}},"type":"cond-expr","locations":[{"start":{"line":11,"column":35},"end":{"line":11,"column":37}},{"start":{"line":11,"column":35},"end":{"line":11,"column":74}}]},"1":{"loc":{"start":{"line":11,"column":19},"end":{"line":11,"column":37}},"type":"binary-expr","locations":[{"start":{"line":11,"column":19},"end":{"line":11,"column":37}},{"start":{"line":11,"column":35},"end":{"line":11,"column":37}}]},"2":{"loc":{"start":{"line":11,"column":19},"end":{"line":11,"column":35}},"type":"cond-expr","locations":[{"start":{"line":11,"column":26},"end":{"line":11,"column":28}},{"start":{"line":11,"column":19},"end":{"line":11,"column":35}}]},"3":{"loc":{"start":{"line":11,"column":19},"end":{"line":11,"column":28}},"type":"binary-expr","locations":[{"start":{"line":11,"column":19},"end":{"line":11,"column":28}},{"start":{"line":11,"column":19},"end":{"line":11,"column":28}}]}},"s":{"0":7,"1":151,"2":151,"3":151,"4":151,"5":151,"6":17,"7":7},"f":{"0":151,"1":17},"b":{"0":[17,134],"1":[151,151],"2":[0,151],"3":[151,151]}}
,"C:\\CodeRepo\\final-project\\server\\src\\modules\\feeds\\dto\\feed.dto.ts": {"path":"C:\\CodeRepo\\final-project\\server\\src\\modules\\feeds\\dto\\feed.dto.ts","statementMap":{"0":{"start":{"line":2,"column":0},"end":{"line":2,"column":58}},"1":{"start":{"line":3,"column":0},"end":{"line":3,"column":44}},"2":{"start":{"line":4,"column":0},"end":{"line":4,"column":45}},"3":{"start":{"line":8,"column":4},"end":{"line":8,"column":35}},"4":{"start":{"line":9,"column":4},"end":{"line":9,"column":51}},"5":{"start":{"line":10,"column":4},"end":{"line":10,"column":32}},"6":{"start":{"line":11,"column":4},"end":{"line":11,"column":43}},"7":{"start":{"line":12,"column":4},"end":{"line":12,"column":36}},"8":{"start":{"line":13,"column":4},"end":{"line":13,"column":36}},"9":{"start":{"line":14,"column":4},"end":{"line":14,"column":77}},"10":{"start":{"line":14,"column":52},"end":{"line":14,"column":75}},"11":{"start":{"line":15,"column":4},"end":{"line":17,"column":6}},"12":{"start":{"line":16,"column":20},"end":{"line":16,"column":45}},"13":{"start":{"line":6,"column":0},"end":{"line":6,"column":13}},"14":{"start":{"line":31,"column":4},"end":{"line":31,"column":32}},"15":{"start":{"line":32,"column":4},"end":{"line":32,"column":43}},"16":{"start":{"line":29,"column":0},"end":{"line":29,"column":13}}},"fnMap":{"0":{"name":"(anonymous_0)","decl":{"start":{"line":7,"column":2},"end":{"line":7,"column":14}},"loc":{"start":{"line":7,"column":32},"end":{"line":18,"column":3}}},"1":{"name":"(anonymous_1)","decl":{"start":{"line":14,"column":39},"end":{"line":14,"column":40}},"loc":{"start":{"line":14,"column":52},"end":{"line":14,"column":75}}},"2":{"name":"(anonymous_2)","decl":{"start":{"line":16,"column":6},"end":{"line":16,"column":7}},"loc":{"start":{"line":16,"column":20},"end":{"line":16,"column":45}}},"3":{"name":"(anonymous_3)","decl":{"start":{"line":30,"column":2},"end":{"line":30,"column":14}},"loc":{"start":{"line":30,"column":32},"end":{"line":33,"column":3}}}},"branchMap":{"0":{"loc":{"start":{"line":11,"column":24},"end":{"line":11,"column":42}},"type":"cond-expr","locations":[{"start":{"line":11,"column":28},"end":{"line":11,"column":30}},{"start":{"line":11,"column":24},"end":{"line":11,"column":42}}]},"1":{"loc":{"start":{"line":11,"column":24},"end":{"line":11,"column":30}},"type":"binary-expr","locations":[{"start":{"line":11,"column":24},"end":{"line":11,"column":30}},{"start":{"line":11,"column":24},"end":{"line":11,"column":30}}]},"2":{"loc":{"start":{"line":14,"column":20},"end":{"line":14,"column":76}},"type":"cond-expr","locations":[{"start":{"line":14,"column":24},"end":{"line":14,"column":26}},{"start":{"line":14,"column":20},"end":{"line":14,"column":76}}]},"3":{"loc":{"start":{"line":14,"column":20},"end":{"line":14,"column":26}},"type":"binary-expr","locations":[{"start":{"line":14,"column":20},"end":{"line":14,"column":26}},{"start":{"line":14,"column":20},"end":{"line":14,"column":26}}]},"4":{"loc":{"start":{"line":15,"column":21},"end":{"line":16,"column":null}},"type":"cond-expr","locations":[{"start":{"line":15,"column":25},"end":{"line":15,"column":27}},{"start":{"line":15,"column":21},"end":{"line":16,"column":null}}]},"5":{"loc":{"start":{"line":15,"column":21},"end":{"line":15,"column":27}},"type":"binary-expr","locations":[{"start":{"line":15,"column":21},"end":{"line":15,"column":27}},{"start":{"line":15,"column":21},"end":{"line":15,"column":27}}]},"6":{"loc":{"start":{"line":32,"column":24},"end":{"line":32,"column":42}},"type":"cond-expr","locations":[{"start":{"line":32,"column":28},"end":{"line":32,"column":30}},{"start":{"line":32,"column":24},"end":{"line":32,"column":42}}]},"7":{"loc":{"start":{"line":32,"column":24},"end":{"line":32,"column":30}},"type":"binary-expr","locations":[{"start":{"line":32,"column":24},"end":{"line":32,"column":30}},{"start":{"line":32,"column":24},"end":{"line":32,"column":30}}]}},"s":{"0":7,"1":7,"2":7,"3":36,"4":36,"5":36,"6":36,"7":36,"8":36,"9":36,"10":93,"11":36,"12":33,"13":7,"14":0,"15":0,"16":7},"f":{"0":36,"1":93,"2":33,"3":0},"b":{"0":[0,36],"1":[36,36],"2":[0,36],"3":[36,36],"4":[0,36],"5":[36,36],"6":[0,0],"7":[0,0]}}
,"C:\\CodeRepo\\final-project\\server\\src\\modules\\feeds\\dto\\reaction.dto.ts": {"path":"C:\\CodeRepo\\final-project\\server\\src\\modules\\feeds\\dto\\reaction.dto.ts","statementMap":{"0":{"start":{"line":2,"column":0},"end":{"line":2,"column":60}},"1":{"start":{"line":7,"column":4},"end":{"line":7,"column":39}},"2":{"start":{"line":8,"column":4},"end":{"line":8,"column":46}},"3":{"start":{"line":9,"column":4},"end":{"line":9,"column":63}},"4":{"start":{"line":5,"column":0},"end":{"line":5,"column":13}},"5":{"start":{"line":16,"column":0},"end":{"line":16,"column":13}}},"fnMap":{"0":{"name":"(anonymous_0)","decl":{"start":{"line":6,"column":2},"end":{"line":6,"column":14}},"loc":{"start":{"line":6,"column":40},"end":{"line":10,"column":3}}}},"branchMap":{},"s":{"0":7,"1":33,"2":33,"3":33,"4":7,"5":7},"f":{"0":33},"b":{}}
,"C:\\CodeRepo\\final-project\\server\\src\\modules\\friends\\friend.controller.ts": {"path":"C:\\CodeRepo\\final-project\\server\\src\\modules\\friends\\friend.controller.ts","statementMap":{"0":{"start":{"line":1,"column":0},"end":{"line":1,"column":null}},"1":{"start":{"line":15,"column":0},"end":{"line":15,"column":72}},"2":{"start":{"line":16,"column":0},"end":{"line":16,"column":80}},"3":{"start":{"line":19,"column":0},"end":{"line":19,"column":59}},"4":{"start":{"line":21,"column":0},"end":{"line":21,"column":49}},"5":{"start":{"line":25,"column":0},"end":{"line":142,"column":null}},"6":{"start":{"line":26,"column":31},"end":{"line":26,"column":46}},"7":{"start":{"line":34,"column":6},"end":{"line":34,"column":66}},"8":{"start":{"line":35,"column":4},"end":{"line":35,"column":52}},"9":{"start":{"line":43,"column":33},"end":{"line":44,"column":null}},"10":{"start":{"line":46,"column":4},"end":{"line":46,"column":62}},"11":{"start":{"line":55,"column":6},"end":{"line":55,"column":56}},"12":{"start":{"line":56,"column":4},"end":{"line":56,"column":52}},"13":{"start":{"line":65,"column":27},"end":{"line":65,"column":31}},"14":{"start":{"line":66,"column":4},"end":{"line":66,"column":80}},"15":{"start":{"line":67,"column":4},"end":{"line":67,"column":68}},"16":{"start":{"line":74,"column":20},"end":{"line":74,"column":32}},"17":{"start":{"line":76,"column":6},"end":{"line":76,"column":56}},"18":{"start":{"line":77,"column":4},"end":{"line":77,"column":64}},"19":{"start":{"line":85,"column":20},"end":{"line":85,"column":32}},"20":{"start":{"line":87,"column":6},"end":{"line":87,"column":64}},"21":{"start":{"line":88,"column":4},"end":{"line":88,"column":62}},"22":{"start":{"line":97,"column":20},"end":{"line":97,"column":32}},"23":{"start":{"line":99,"column":6},"end":{"line":99,"column":68}},"24":{"start":{"line":100,"column":4},"end":{"line":100,"column":57}},"25":{"start":{"line":110,"column":4},"end":{"line":120,"column":null}},"26":{"start":{"line":111,"column":22},"end":{"line":111,"column":34}},"27":{"start":{"line":112,"column":6},"end":{"line":112,"column":75}},"28":{"start":{"line":113,"column":6},"end":{"line":117,"column":9}},"29":{"start":{"line":119,"column":6},"end":{"line":119,"column":80}},"30":{"start":{"line":129,"column":20},"end":{"line":129,"column":32}},"31":{"start":{"line":130,"column":4},"end":{"line":130,"column":59}},"32":{"start":{"line":131,"column":4},"end":{"line":131,"column":68}},"33":{"start":{"line":139,"column":4},"end":{"line":139,"column":60}},"34":{"start":{"line":140,"column":4},"end":{"line":140,"column":74}},"35":{"start":{"line":29,"column":2},"end":{"line":36,"column":null}},"36":{"start":{"line":39,"column":2},"end":{"line":47,"column":null}},"37":{"start":{"line":50,"column":2},"end":{"line":57,"column":null}},"38":{"start":{"line":60,"column":2},"end":{"line":68,"column":null}},"39":{"start":{"line":70,"column":2},"end":{"line":78,"column":null}},"40":{"start":{"line":81,"column":2},"end":{"line":89,"column":null}},"41":{"start":{"line":92,"column":2},"end":{"line":101,"column":null}},"42":{"start":{"line":104,"column":2},"end":{"line":121,"column":null}},"43":{"start":{"line":124,"column":2},"end":{"line":132,"column":null}},"44":{"start":{"line":135,"column":2},"end":{"line":141,"column":null}},"45":{"start":{"line":25,"column":13},"end":{"line":142,"column":null}},"46":{"start":{"line":25,"column":13},"end":{"line":25,"column":29}}},"fnMap":{"0":{"name":"(anonymous_4)","decl":{"start":{"line":26,"column":2},"end":{"line":26,"column":31}},"loc":{"start":{"line":26,"column":59},"end":{"line":26,"column":63}}},"1":{"name":"(anonymous_5)","decl":{"start":{"line":29,"column":2},"end":{"line":29,"column":7}},"loc":{"start":{"line":31,"column":29},"end":{"line":36,"column":3}}},"2":{"name":"(anonymous_6)","decl":{"start":{"line":39,"column":2},"end":{"line":39,"column":7}},"loc":{"start":{"line":41,"column":29},"end":{"line":47,"column":3}}},"3":{"name":"(anonymous_7)","decl":{"start":{"line":50,"column":2},"end":{"line":50,"column":7}},"loc":{"start":{"line":52,"column":29},"end":{"line":57,"column":3}}},"4":{"name":"(anonymous_8)","decl":{"start":{"line":60,"column":2},"end":{"line":60,"column":7}},"loc":{"start":{"line":63,"column":29},"end":{"line":68,"column":3}}},"5":{"name":"(anonymous_9)","decl":{"start":{"line":70,"column":2},"end":{"line":70,"column":7}},"loc":{"start":{"line":72,"column":29},"end":{"line":78,"column":3}}},"6":{"name":"(anonymous_10)","decl":{"start":{"line":81,"column":2},"end":{"line":81,"column":7}},"loc":{"start":{"line":83,"column":29},"end":{"line":89,"column":3}}},"7":{"name":"(anonymous_11)","decl":{"start":{"line":92,"column":2},"end":{"line":92,"column":7}},"loc":{"start":{"line":95,"column":29},"end":{"line":101,"column":3}}},"8":{"name":"(anonymous_12)","decl":{"start":{"line":104,"column":2},"end":{"line":104,"column":7}},"loc":{"start":{"line":108,"column":29},"end":{"line":121,"column":3}}},"9":{"name":"(anonymous_13)","decl":{"start":{"line":124,"column":2},"end":{"line":124,"column":7}},"loc":{"start":{"line":127,"column":29},"end":{"line":132,"column":3}}},"10":{"name":"(anonymous_14)","decl":{"start":{"line":135,"column":2},"end":{"line":135,"column":7}},"loc":{"start":{"line":137,"column":29},"end":{"line":141,"column":3}}}},"branchMap":{"0":{"loc":{"start":{"line":115,"column":10},"end":{"line":115,"column":null}},"type":"cond-expr","locations":[{"start":{"line":115,"column":53},"end":{"line":115,"column":63}},{"start":{"line":115,"column":66},"end":{"line":115,"column":null}}]},"1":{"loc":{"start":{"line":119,"column":62},"end":{"line":119,"column":76}},"type":"cond-expr","locations":[{"start":{"line":119,"column":67},"end":{"line":119,"column":69}},{"start":{"line":119,"column":62},"end":{"line":119,"column":76}}]},"2":{"loc":{"start":{"line":119,"column":62},"end":{"line":119,"column":69}},"type":"binary-expr","locations":[{"start":{"line":119,"column":62},"end":{"line":119,"column":69}},{"start":{"line":119,"column":62},"end":{"line":119,"column":69}}]}},"s":{"0":7,"1":7,"2":7,"3":7,"4":7,"5":7,"6":7,"7":1,"8":1,"9":1,"10":1,"11":0,"12":0,"13":0,"14":0,"15":0,"16":1,"17":1,"18":1,"19":1,"20":1,"21":1,"22":1,"23":1,"24":1,"25":0,"26":0,"27":0,"28":0,"29":0,"30":0,"31":0,"32":0,"33":0,"34":0,"35":7,"36":7,"37":7,"38":7,"39":7,"40":7,"41":7,"42":7,"43":7,"44":7,"45":7,"46":7},"f":{"0":7,"1":1,"2":1,"3":0,"4":0,"5":1,"6":1,"7":1,"8":0,"9":0,"10":0},"b":{"0":[0,0],"1":[0,0],"2":[0,0]}}
,"C:\\CodeRepo\\final-project\\server\\src\\modules\\friends\\friend.module.ts": {"path":"C:\\CodeRepo\\final-project\\server\\src\\modules\\friends\\friend.module.ts","statementMap":{"0":{"start":{"line":1,"column":0},"end":{"line":1,"column":40}},"1":{"start":{"line":3,"column":0},"end":{"line":3,"column":78}},"2":{"start":{"line":4,"column":0},"end":{"line":4,"column":84}},"3":{"start":{"line":5,"column":0},"end":{"line":5,"column":66}},"4":{"start":{"line":7,"column":0},"end":{"line":7,"column":73}},"5":{"start":{"line":8,"column":0},"end":{"line":8,"column":58}},"6":{"start":{"line":9,"column":0},"end":{"line":9,"column":null}},"7":{"start":{"line":15,"column":0},"end":{"line":15,"column":55}},"8":{"start":{"line":16,"column":0},"end":{"line":16,"column":49}},"9":{"start":{"line":31,"column":0},"end":{"line":31,"column":null}},"10":{"start":{"line":31,"column":13},"end":{"line":31,"column":null}},"11":{"start":{"line":31,"column":13},"end":{"line":31,"column":25}}},"fnMap":{},"branchMap":{},"s":{"0":7,"1":7,"2":7,"3":7,"4":7,"5":7,"6":7,"7":7,"8":7,"9":7,"10":7,"11":7},"f":{},"b":{}}
,"C:\\CodeRepo\\final-project\\server\\src\\modules\\friends\\friend.service.ts": {"path":"C:\\CodeRepo\\final-project\\server\\src\\modules\\friends\\friend.service.ts","statementMap":{"0":{"start":{"line":1,"column":0},"end":{"line":1,"column":44}},"1":{"start":{"line":2,"column":0},"end":{"line":2,"column":72}},"2":{"start":{"line":3,"column":0},"end":{"line":3,"column":78}},"3":{"start":{"line":4,"column":0},"end":{"line":4,"column":84}},"4":{"start":{"line":5,"column":0},"end":{"line":5,"column":66}},"5":{"start":{"line":10,"column":0},"end":{"line":10,"column":55}},"6":{"start":{"line":12,"column":0},"end":{"line":12,"column":76}},"7":{"start":{"line":13,"column":0},"end":{"line":13,"column":64}},"8":{"start":{"line":16,"column":0},"end":{"line":295,"column":null}},"9":{"start":{"line":18,"column":21},"end":{"line":18,"column":39}},"10":{"start":{"line":19,"column":21},"end":{"line":19,"column":37}},"11":{"start":{"line":20,"column":21},"end":{"line":20,"column":43}},"12":{"start":{"line":21,"column":21},"end":{"line":21,"column":42}},"13":{"start":{"line":29,"column":6},"end":{"line":32,"column":8}},"14":{"start":{"line":33,"column":4},"end":{"line":55,"column":null}},"15":{"start":{"line":37,"column":6},"end":{"line":37,"column":46}},"16":{"start":{"line":39,"column":35},"end":{"line":41,"column":8}},"17":{"start":{"line":42,"column":37},"end":{"line":44,"column":8}},"18":{"start":{"line":45,"column":6},"end":{"line":48,"column":9}},"19":{"start":{"line":49,"column":40},"end":{"line":53,"column":8}},"20":{"start":{"line":54,"column":6},"end":{"line":54,"column":79}},"21":{"start":{"line":63,"column":6},"end":{"line":63,"column":63}},"22":{"start":{"line":65,"column":6},"end":{"line":65,"column":69}},"23":{"start":{"line":67,"column":6},"end":{"line":70,"column":8}},"24":{"start":{"line":71,"column":4},"end":{"line":76,"column":null}},"25":{"start":{"line":72,"column":6},"end":{"line":75,"column":9}},"26":{"start":{"line":77,"column":38},"end":{"line":79,"column":6}},"27":{"start":{"line":80,"column":37},"end":{"line":82,"column":6}},"28":{"start":{"line":83,"column":4},"end":{"line":97,"column":null}},"29":{"start":{"line":85,"column":18},"end":{"line":85,"column":67}},"30":{"start":{"line":88,"column":18},"end":{"line":88,"column":68}},"31":{"start":{"line":91,"column":6},"end":{"line":96,"column":8}},"32":{"start":{"line":98,"column":4},"end":{"line":107,"column":null}},"33":{"start":{"line":99,"column":6},"end":{"line":104,"column":8}},"34":{"start":{"line":106,"column":6},"end":{"line":106,"column":75}},"35":{"start":{"line":111,"column":19},"end":{"line":111,"column":69}},"36":{"start":{"line":113,"column":6},"end":{"line":119,"column":null}},"37":{"start":{"line":122,"column":6},"end":{"line":133,"column":null}},"38":{"start":{"line":124,"column":30},"end":{"line":126,"column":null}},"39":{"start":{"line":128,"column":10},"end":{"line":132,"column":12}},"40":{"start":{"line":135,"column":4},"end":{"line":135,"column":47}},"41":{"start":{"line":141,"column":21},"end":{"line":141,"column":71}},"42":{"start":{"line":143,"column":6},"end":{"line":149,"column":null}},"43":{"start":{"line":152,"column":6},"end":{"line":163,"column":null}},"44":{"start":{"line":154,"column":30},"end":{"line":156,"column":null}},"45":{"start":{"line":158,"column":10},"end":{"line":162,"column":12}},"46":{"start":{"line":165,"column":4},"end":{"line":165,"column":45}},"47":{"start":{"line":169,"column":4},"end":{"line":187,"column":null}},"48":{"start":{"line":171,"column":8},"end":{"line":173,"column":10}},"49":{"start":{"line":174,"column":6},"end":{"line":174,"column":50}},"50":{"start":{"line":175,"column":23},"end":{"line":182,"column":null}},"51":{"start":{"line":177,"column":31},"end":{"line":179,"column":null}},"52":{"start":{"line":181,"column":10},"end":{"line":181,"column":63}},"53":{"start":{"line":184,"column":6},"end":{"line":184,"column":41}},"54":{"start":{"line":186,"column":6},"end":{"line":186,"column":29}},"55":{"start":{"line":195,"column":17},"end":{"line":195,"column":67}},"56":{"start":{"line":196,"column":31},"end":{"line":198,"column":6}},"57":{"start":{"line":199,"column":4},"end":{"line":246,"column":null}},"58":{"start":{"line":200,"column":6},"end":{"line":200,"column":57}},"59":{"start":{"line":202,"column":6},"end":{"line":245,"column":null}},"60":{"start":{"line":203,"column":37},"end":{"line":205,"column":10}},"61":{"start":{"line":207,"column":10},"end":{"line":209,"column":12}},"62":{"start":{"line":210,"column":8},"end":{"line":210,"column":51}},"63":{"start":{"line":212,"column":10},"end":{"line":212,"column":71}},"64":{"start":{"line":213,"column":8},"end":{"line":213,"column":47}},"65":{"start":{"line":214,"column":8},"end":{"line":217,"column":10}},"66":{"start":{"line":218,"column":8},"end":{"line":221,"column":10}},"67":{"start":{"line":222,"column":8},"end":{"line":222,"column":73}},"68":{"start":{"line":223,"column":42},"end":{"line":227,"column":10}},"69":{"start":{"line":228,"column":8},"end":{"line":231,"column":10}},"70":{"start":{"line":232,"column":13},"end":{"line":245,"column":null}},"71":{"start":{"line":233,"column":8},"end":{"line":233,"column":73}},"72":{"start":{"line":234,"column":42},"end":{"line":238,"column":10}},"73":{"start":{"line":239,"column":8},"end":{"line":242,"column":10}},"74":{"start":{"line":244,"column":8},"end":{"line":244,"column":44}},"75":{"start":{"line":251,"column":6},"end":{"line":251,"column":63}},"76":{"start":{"line":253,"column":6},"end":{"line":253,"column":65}},"77":{"start":{"line":254,"column":47},"end":{"line":255,"column":null}},"78":{"start":{"line":255,"column":16},"end":{"line":255,"column":48}},"79":{"start":{"line":258,"column":6},"end":{"line":259,"column":null}},"80":{"start":{"line":259,"column":18},"end":{"line":259,"column":48}},"81":{"start":{"line":261,"column":4},"end":{"line":264,"column":6}},"82":{"start":{"line":265,"column":4},"end":{"line":268,"column":6}},"83":{"start":{"line":272,"column":4},"end":{"line":274,"column":7}},"84":{"start":{"line":278,"column":40},"end":{"line":281,"column":null}},"85":{"start":{"line":283,"column":24},"end":{"line":288,"column":null}},"86":{"start":{"line":286,"column":10},"end":{"line":286,"column":74}},"87":{"start":{"line":287,"column":8},"end":{"line":287,"column":66}},"88":{"start":{"line":290,"column":4},"end":{"line":293,"column":6}},"89":{"start":{"line":292,"column":8},"end":{"line":292,"column":66}},"90":{"start":{"line":16,"column":13},"end":{"line":295,"column":null}},"91":{"start":{"line":16,"column":13},"end":{"line":16,"column":26}}},"fnMap":{"0":{"name":"(anonymous_2)","decl":{"start":{"line":17,"column":2},"end":{"line":17,"column":null}},"loc":{"start":{"line":21,"column":61},"end":{"line":22,"column":6}}},"1":{"name":"(anonymous_3)","decl":{"start":{"line":24,"column":2},"end":{"line":24,"column":7}},"loc":{"start":{"line":26,"column":22},"end":{"line":56,"column":3}}},"2":{"name":"(anonymous_4)","decl":{"start":{"line":58,"column":2},"end":{"line":58,"column":7}},"loc":{"start":{"line":60,"column":24},"end":{"line":108,"column":3}}},"3":{"name":"(anonymous_5)","decl":{"start":{"line":85,"column":8},"end":{"line":85,"column":9}},"loc":{"start":{"line":85,"column":18},"end":{"line":85,"column":67}}},"4":{"name":"(anonymous_6)","decl":{"start":{"line":88,"column":8},"end":{"line":88,"column":9}},"loc":{"start":{"line":88,"column":18},"end":{"line":88,"column":68}}},"5":{"name":"(anonymous_7)","decl":{"start":{"line":110,"column":2},"end":{"line":110,"column":7}},"loc":{"start":{"line":110,"column":43},"end":{"line":136,"column":3}}},"6":{"name":"(anonymous_8)","decl":{"start":{"line":123,"column":8},"end":{"line":123,"column":13}},"loc":{"start":{"line":123,"column":72},"end":{"line":133,"column":9}}},"7":{"name":"(anonymous_9)","decl":{"start":{"line":138,"column":2},"end":{"line":138,"column":7}},"loc":{"start":{"line":139,"column":18},"end":{"line":166,"column":3}}},"8":{"name":"(anonymous_10)","decl":{"start":{"line":153,"column":8},"end":{"line":153,"column":13}},"loc":{"start":{"line":153,"column":72},"end":{"line":163,"column":9}}},"9":{"name":"(anonymous_11)","decl":{"start":{"line":168,"column":2},"end":{"line":168,"column":7}},"loc":{"start":{"line":168,"column":40},"end":{"line":188,"column":3}}},"10":{"name":"(anonymous_12)","decl":{"start":{"line":176,"column":8},"end":{"line":176,"column":13}},"loc":{"start":{"line":176,"column":63},"end":{"line":182,"column":9}}},"11":{"name":"(anonymous_13)","decl":{"start":{"line":190,"column":2},"end":{"line":190,"column":7}},"loc":{"start":{"line":193,"column":18},"end":{"line":247,"column":3}}},"12":{"name":"(anonymous_14)","decl":{"start":{"line":249,"column":2},"end":{"line":249,"column":7}},"loc":{"start":{"line":249,"column":55},"end":{"line":269,"column":3}}},"13":{"name":"(anonymous_15)","decl":{"start":{"line":255,"column":6},"end":{"line":255,"column":7}},"loc":{"start":{"line":255,"column":16},"end":{"line":255,"column":48}}},"14":{"name":"(anonymous_16)","decl":{"start":{"line":259,"column":8},"end":{"line":259,"column":9}},"loc":{"start":{"line":259,"column":18},"end":{"line":259,"column":48}}},"15":{"name":"(anonymous_17)","decl":{"start":{"line":271,"column":2},"end":{"line":271,"column":7}},"loc":{"start":{"line":271,"column":45},"end":{"line":275,"column":3}}},"16":{"name":"(anonymous_18)","decl":{"start":{"line":277,"column":2},"end":{"line":277,"column":7}},"loc":{"start":{"line":277,"column":42},"end":{"line":294,"column":3}}},"17":{"name":"(anonymous_19)","decl":{"start":{"line":284,"column":22},"end":{"line":284,"column":27}},"loc":{"start":{"line":284,"column":37},"end":{"line":288,"column":7}}},"18":{"name":"(anonymous_20)","decl":{"start":{"line":291,"column":6},"end":{"line":291,"column":7}},"loc":{"start":{"line":292,"column":8},"end":{"line":292,"column":66}}}},"branchMap":{"0":{"loc":{"start":{"line":33,"column":4},"end":{"line":55,"column":null}},"type":"if","locations":[{"start":{"line":33,"column":4},"end":{"line":55,"column":null}},{"start":{"line":38,"column":11},"end":{"line":55,"column":null}}]},"1":{"loc":{"start":{"line":34,"column":6},"end":{"line":35,"column":59}},"type":"binary-expr","locations":[{"start":{"line":34,"column":6},"end":{"line":34,"column":19}},{"start":{"line":35,"column":6},"end":{"line":35,"column":59}}]},"2":{"loc":{"start":{"line":71,"column":4},"end":{"line":76,"column":null}},"type":"if","locations":[{"start":{"line":71,"column":4},"end":{"line":76,"column":null}}]},"3":{"loc":{"start":{"line":83,"column":4},"end":{"line":97,"column":null}},"type":"if","locations":[{"start":{"line":83,"column":4},"end":{"line":97,"column":null}}]},"4":{"loc":{"start":{"line":84,"column":6},"end":{"line":89,"column":18}},"type":"binary-expr","locations":[{"start":{"line":84,"column":6},"end":{"line":86,"column":18}},{"start":{"line":87,"column":6},"end":{"line":89,"column":18}}]},"5":{"loc":{"start":{"line":98,"column":4},"end":{"line":107,"column":null}},"type":"if","locations":[{"start":{"line":98,"column":4},"end":{"line":107,"column":null}},{"start":{"line":105,"column":11},"end":{"line":107,"column":null}}]},"6":{"loc":{"start":{"line":199,"column":4},"end":{"line":246,"column":null}},"type":"if","locations":[{"start":{"line":199,"column":4},"end":{"line":246,"column":null}},{"start":{"line":201,"column":11},"en
[...]
"column":79}},"27":{"start":{"line":69,"column":6},"end":{"line":71,"column":19}},"28":{"start":{"line":72,"column":4},"end":{"line":72,"column":30}},"29":{"start":{"line":73,"column":4},"end":{"line":75,"column":null}},"30":{"start":{"line":74,"column":6},"end":{"line":74,"column":74}},"31":{"start":{"line":76,"column":4},"end":{"line":79,"column":7}},"32":{"start":{"line":10,"column":13},"end":{"line":81,"column":null}},"33":{"start":{"line":10,"column":13},"end":{"line":10,"column":30}}},"fnMap":{"0":{"name":"(anonymous_2)","decl":{"start":{"line":12,"column":2},"end":{"line":12,"column":null}},"loc":{"start":{"line":15,"column":41},"end":{"line":16,"column":6}}},"1":{"name":"(anonymous_3)","decl":{"start":{"line":18,"column":2},"end":{"line":18,"column":7}},"loc":{"start":{"line":18,"column":29},"end":{"line":49,"column":3}}},"2":{"name":"(anonymous_4)","decl":{"start":{"line":51,"column":2},"end":{"line":51,"column":7}},"loc":{"start":{"line":51,"column":48},"end":{"line":80,"column":3}}}},"branchMap":{"0":{"loc":{"start":{"line":22,"column":4},"end":{"line":48,"column":null}},"type":"if","locations":[{"start":{"line":22,"column":4},"end":{"line":48,"column":null}},{"start":{"line":26,"column":11},"end":{"line":48,"column":null}}]},"1":{"loc":{"start":{"line":29,"column":6},"end":{"line":33,"column":null}},"type":"if","locations":[{"start":{"line":29,"column":6},"end":{"line":33,"column":null}}]},"2":{"loc":{"start":{"line":60,"column":4},"end":{"line":64,"column":null}},"type":"if","locations":[{"start":{"line":60,"column":4},"end":{"line":64,"column":null}}]},"3":{"loc":{"start":{"line":65,"column":4},"end":{"line":67,"column":null}},"type":"if","locations":[{"start":{"line":65,"column":4},"end":{"line":67,"column":null}}]},"4":{"loc":{"start":{"line":73,"column":4},"end":{"line":75,"column":null}},"type":"if","locations":[{"start":{"line":73,"column":4},"end":{"line":75,"column":null}}]}},"s":{"0":7,"1":7,"2":7,"3":7,"4":7,"5":7,"6":7,"7":7,"8":7,"9":2,"10":2,"11":2,"12":1,"13":1,"14":1,"15":1,"16":1,"17":1,"18":1,"19":0,"20":0,"21":0,"22":0,"23":0,"24":0,"25":0,"26":0,"27":0,"28":0,"29":0,"30":0,"31":0,"32":7,"33":7},"f":{"0":7,"1":2,"2":0},"b":{"0":[1,1],"1":[1],"2":[0],"3":[0],"4":[0]}}
,"C:\\CodeRepo\\final-project\\server\\src\\repository\\base.repository.ts": {"path":"C:\\CodeRepo\\final-project\\server\\src\\repository\\base.repository.ts","statementMap":{"0":{"start":{"line":10,"column":33},"end":{"line":10,"column":54}},"1":{"start":{"line":17,"column":4},"end":{"line":24,"column":6}},"2":{"start":{"line":32,"column":4},"end":{"line":36,"column":6}},"3":{"start":{"line":40,"column":19},"end":{"line":40,"column":57}},"4":{"start":{"line":41,"column":4},"end":{"line":41,"column":31}},"5":{"start":{"line":49,"column":4},"end":{"line":56,"column":6}},"6":{"start":{"line":59,"column":4},"end":{"line":59,"column":70}},"7":{"start":{"line":63,"column":25},"end":{"line":63,"column":77}},"8":{"start":{"line":64,"column":4},"end":{"line":64,"column":42}},"9":{"start":{"line":9,"column":0},"end":{"line":9,"column":22}}},"fnMap":{"0":{"name":"(anonymous_0)","decl":{"start":{"line":10,"column":2},"end":{"line":10,"column":33}},"loc":{"start":{"line":10,"column":54},"end":{"line":10,"column":58}}},"1":{"name":"(anonymous_1)","decl":{"start":{"line":12,"column":2},"end":{"line":12,"column":7}},"loc":{"start":{"line":15,"column":26},"end":{"line":25,"column":3}}},"2":{"name":"(anonymous_2)","decl":{"start":{"line":27,"column":2},"end":{"line":27,"column":7}},"loc":{"start":{"line":30,"column":26},"end":{"line":37,"column":3}}},"3":{"name":"(anonymous_3)","decl":{"start":{"line":39,"column":2},"end":{"line":39,"column":7}},"loc":{"start":{"line":39,"column":40},"end":{"line":42,"column":3}}},"4":{"name":"(anonymous_4)","decl":{"start":{"line":44,"column":2},"end":{"line":44,"column":7}},"loc":{"start":{"line":47,"column":26},"end":{"line":57,"column":3}}},"5":{"name":"(anonymous_5)","decl":{"start":{"line":58,"column":2},"end":{"line":58,"column":7}},"loc":{"start":{"line":58,"column":58},"end":{"line":60,"column":3}}},"6":{"name":"(anonymous_6)","decl":{"start":{"line":62,"column":2},"end":{"line":62,"column":7}},"loc":{"start":{"line":62,"column":52},"end":{"line":65,"column":3}}}},"branchMap":{},"s":{"0":154,"1":107,"2":7,"3":8,"4":8,"5":4,"6":1,"7":0,"8":0,"9":7},"f":{"0":154,"1":107,"2":7,"3":8,"4":4,"5":1,"6":0},"b":{}}
,"C:\\CodeRepo\\final-project\\server\\src\\repository\\comment.repository.ts": {"path":"C:\\CodeRepo\\final-project\\server\\src\\repository\\comment.repository.ts","statementMap":{"0":{"start":{"line":1,"column":0},"end":{"line":1,"column":52}},"1":{"start":{"line":2,"column":0},"end":{"line":2,"column":51}},"2":{"start":{"line":3,"column":0},"end":{"line":3,"column":33}},"3":{"start":{"line":7,"column":0},"end":{"line":14,"column":null}},"4":{"start":{"line":12,"column":4},"end":{"line":12,"column":24}},"5":{"start":{"line":7,"column":13},"end":{"line":14,"column":null}},"6":{"start":{"line":7,"column":13},"end":{"line":7,"column":30}}},"fnMap":{"0":{"name":"(anonymous_4)","decl":{"start":{"line":8,"column":2},"end":{"line":8,"column":null}},"loc":{"start":{"line":10,"column":40},"end":{"line":13,"column":3}}}},"branchMap":{},"s":{"0":7,"1":7,"2":7,"3":7,"4":7,"5":7,"6":7},"f":{"0":7},"b":{}}
,"C:\\CodeRepo\\final-project\\server\\src\\repository\\conservation.repository.ts": {"path":"C:\\CodeRepo\\final-project\\server\\src\\repository\\conservation.repository.ts","statementMap":{"0":{"start":{"line":1,"column":0},"end":{"line":1,"column":52}},"1":{"start":{"line":2,"column":0},"end":{"line":2,"column":51}},"2":{"start":{"line":3,"column":0},"end":{"line":3,"column":33}},"3":{"start":{"line":7,"column":0},"end":{"line":14,"column":null}},"4":{"start":{"line":12,"column":4},"end":{"line":12,"column":29}},"5":{"start":{"line":7,"column":13},"end":{"line":14,"column":null}},"6":{"start":{"line":7,"column":13},"end":{"line":7,"column":35}}},"fnMap":{"0":{"name":"(anonymous_4)","decl":{"start":{"line":8,"column":2},"end":{"line":8,"column":null}},"loc":{"start":{"line":10,"column":50},"end":{"line":13,"column":3}}}},"branchMap":{},"s":{"0":7,"1":7,"2":7,"3":7,"4":7,"5":7,"6":7},"f":{"0":7},"b":{}}
,"C:\\CodeRepo\\final-project\\server\\src\\repository\\feed.repository.ts": {"path":"C:\\CodeRepo\\final-project\\server\\src\\repository\\feed.repository.ts","statementMap":{"0":{"start":{"line":1,"column":0},"end":{"line":1,"column":52}},"1":{"start":{"line":2,"column":0},"end":{"line":2,"column":51}},"2":{"start":{"line":3,"column":0},"end":{"line":3,"column":33}},"3":{"start":{"line":7,"column":0},"end":{"line":14,"column":null}},"4":{"start":{"line":12,"column":4},"end":{"line":12,"column":21}},"5":{"start":{"line":7,"column":13},"end":{"line":14,"column":null}},"6":{"start":{"line":7,"column":13},"end":{"line":7,"column":27}}},"fnMap":{"0":{"name":"(anonymous_4)","decl":{"start":{"line":8,"column":2},"end":{"line":8,"column":null}},"loc":{"start":{"line":10,"column":34},"end":{"line":13,"column":3}}}},"branchMap":{},"s":{"0":7,"1":7,"2":7,"3":7,"4":7,"5":7,"6":7},"f":{"0":7},"b":{}}
,"C:\\CodeRepo\\final-project\\server\\src\\repository\\friendList.repository.ts": {"path":"C:\\CodeRepo\\final-project\\server\\src\\repository\\friendList.repository.ts","statementMap":{"0":{"start":{"line":1,"column":0},"end":{"line":1,"column":52}},"1":{"start":{"line":2,"column":0},"end":{"line":2,"column":51}},"2":{"start":{"line":3,"column":0},"end":{"line":3,"column":33}},"3":{"start":{"line":7,"column":0},"end":{"line":13,"column":null}},"4":{"start":{"line":11,"column":4},"end":{"line":11,"column":27}},"5":{"start":{"line":7,"column":13},"end":{"line":13,"column":null}},"6":{"start":{"line":7,"column":13},"end":{"line":7,"column":33}}},"fnMap":{"0":{"name":"(anonymous_4)","decl":{"start":{"line":8,"column":2},"end":{"line":8,"column":null}},"loc":{"start":{"line":9,"column":75},"end":{"line":12,"column":3}}}},"branchMap":{},"s":{"0":7,"1":7,"2":7,"3":7,"4":42,"5":7,"6":7},"f":{"0":42},"b":{}}
,"C:\\CodeRepo\\final-project\\server\\src\\repository\\friendRequest.repository.ts": {"path":"C:\\CodeRepo\\final-project\\server\\src\\repository\\friendRequest.repository.ts","statementMap":{"0":{"start":{"line":1,"column":0},"end":{"line":1,"column":52}},"1":{"start":{"line":2,"column":0},"end":{"line":2,"column":51}},"2":{"start":{"line":3,"column":0},"end":{"line":3,"column":33}},"3":{"start":{"line":7,"column":0},"end":{"line":14,"column":null}},"4":{"start":{"line":12,"column":4},"end":{"line":12,"column":30}},"5":{"start":{"line":7,"column":13},"end":{"line":14,"column":null}},"6":{"start":{"line":7,"column":13},"end":{"line":7,"column":36}}},"fnMap":{"0":{"name":"(anonymous_4)","decl":{"start":{"line":8,"column":2},"end":{"line":8,"column":null}},"loc":{"start":{"line":10,"column":52},"end":{"line":13,"column":3}}}},"branchMap":{},"s":{"0":7,"1":7,"2":7,"3":7,"4":7,"5":7,"6":7},"f":{"0":7},"b":{}}
,"C:\\CodeRepo\\final-project\\server\\src\\repository\\message.repository.ts": {"path":"C:\\CodeRepo\\final-project\\server\\src\\repository\\message.repository.ts","statementMap":{"0":{"start":{"line":1,"column":0},"end":{"line":1,"column":52}},"1":{"start":{"line":2,"column":0},"end":{"line":2,"column":51}},"2":{"start":{"line":3,"column":0},"end":{"line":3,"column":33}},"3":{"start":{"line":7,"column":0},"end":{"line":11,"column":null}},"4":{"start":{"line":9,"column":4},"end":{"line":9,"column":24}},"5":{"start":{"line":7,"column":13},"end":{"line":11,"column":null}},"6":{"start":{"line":7,"column":13},"end":{"line":7,"column":30}}},"fnMap":{"0":{"name":"(anonymous_4)","decl":{"start":{"line":8,"column":2},"end":{"line":8,"column":15}},"loc":{"start":{"line":8,"column":75},"end":{"line":10,"column":3}}}},"branchMap":{},"s":{"0":7,"1":7,"2":7,"3":7,"4":7,"5":7,"6":7},"f":{"0":7},"b":{}}
,"C:\\CodeRepo\\final-project\\server\\src\\repository\\notification.repository.ts": {"path":"C:\\CodeRepo\\final-project\\server\\src\\repository\\notification.repository.ts","statementMap":{"0":{"start":{"line":1,"column":0},"end":{"line":1,"column":52}},"1":{"start":{"line":2,"column":0},"end":{"line":2,"column":51}},"2":{"start":{"line":3,"column":0},"end":{"line":3,"column":33}},"3":{"start":{"line":7,"column":0},"end":{"line":14,"column":null}},"4":{"start":{"line":12,"column":4},"end":{"line":12,"column":29}},"5":{"start":{"line":7,"column":13},"end":{"line":14,"column":null}},"6":{"start":{"line":7,"column":13},"end":{"line":7,"column":35}}},"fnMap":{"0":{"name":"(anonymous_4)","decl":{"start":{"line":8,"column":2},"end":{"line":8,"column":null}},"loc":{"start":{"line":10,"column":50},"end":{"line":13,"column":3}}}},"branchMap":{},"s":{"0":7,"1":7,"2":7,"3":7,"4":7,"5":7,"6":7},"f":{"0":7},"b":{}}
,"C:\\CodeRepo\\final-project\\server\\src\\repository\\optvalidation.repository.ts": {"path":"C:\\CodeRepo\\final-project\\server\\src\\repository\\optvalidation.repository.ts","statementMap":{"0":{"start":{"line":1,"column":0},"end":{"line":1,"column":52}},"1":{"start":{"line":2,"column":0},"end":{"line":2,"column":51}},"2":{"start":{"line":3,"column":0},"end":{"line":3,"column":33}},"3":{"start":{"line":7,"column":0},"end":{"line":13,"column":null}},"4":{"start":{"line":11,"column":4},"end":{"line":11,"column":30}},"5":{"start":{"line":7,"column":13},"end":{"line":13,"column":null}},"6":{"start":{"line":7,"column":13},"end":{"line":7,"column":26}}},"fnMap":{"0":{"name":"(anonymous_4)","decl":{"start":{"line":8,"column":2},"end":{"line":8,"column":null}},"loc":{"start":{"line":9,"column":73},"end":{"line":12,"column":3}}}},"branchMap":{},"s":{"0":7,"1":7,"2":7,"3":7,"4":7,"5":7,"6":7},"f":{"0":7},"b":{}}
,"C:\\CodeRepo\\final-project\\server\\src\\repository\\reaction.repository.ts": {"path":"C:\\CodeRepo\\final-project\\server\\src\\repository\\reaction.repository.ts","statementMap":{"0":{"start":{"line":1,"column":0},"end":{"line":1,"column":52}},"1":{"start":{"line":2,"column":0},"end":{"line":2,"column":51}},"2":{"start":{"line":3,"column":0},"end":{"line":3,"column":33}},"3":{"start":{"line":7,"column":0},"end":{"line":13,"column":null}},"4":{"start":{"line":11,"column":4},"end":{"line":11,"column":25}},"5":{"start":{"line":7,"column":13},"end":{"line":13,"column":null}},"6":{"start":{"line":7,"column":13},"end":{"line":7,"column":31}}},"fnMap":{"0":{"name":"(anonymous_4)","decl":{"start":{"line":8,"column":2},"end":{"line":8,"column":null}},"loc":{"start":{"line":9,"column":68},"end":{"line":12,"column":3}}}},"branchMap":{},"s":{"0":7,"1":7,"2":7,"3":7,"4":7,"5":7,"6":7},"f":{"0":7},"b":{}}
,"C:\\CodeRepo\\final-project\\server\\src\\repository\\user.repository.ts": {"path":"C:\\CodeRepo\\final-project\\server\\src\\repository\\user.repository.ts","statementMap":{"0":{"start":{"line":1,"column":0},"end":{"line":1,"column":52}},"1":{"start":{"line":2,"column":0},"end":{"line":2,"column":51}},"2":{"start":{"line":4,"column":0},"end":{"line":4,"column":33}},"3":{"start":{"line":7,"column":0},"end":{"line":11,"column":null}},"4":{"start":{"line":9,"column":4},"end":{"line":9,"column":21}},"5":{"start":{"line":7,"column":13},"end":{"line":11,"column":null}},"6":{"start":{"line":7,"column":13},"end":{"line":7,"column":27}}},"fnMap":{"0":{"name":"(anonymous_4)","decl":{"start":{"line":8,"column":2},"end":{"line":8,"column":15}},"loc":{"start":{"line":8,"column":66},"end":{"line":10,"column":3}}}},"branchMap":{},"s":{"0":7,"1":7,"2":7,"3":7,"4":56,"5":7,"6":7},"f":{"0":56},"b":{}}
,"C:\\CodeRepo\\final-project\\server\\src\\schemas\\comment.schema.ts": {"path":"C:\\CodeRepo\\final-project\\server\\src\\schemas\\comment.schema.ts","statementMap":{"0":{"start":{"line":1,"column":0},"end":{"line":1,"column":51}},"1":{"start":{"line":12,"column":13},"end":{"line":25,"column":2}}},"fnMap":{},"branchMap":{},"s":{"0":7,"1":7},"f":{},"b":{}}
,"C:\\CodeRepo\\final-project\\server\\src\\schemas\\conservation.schema.ts": {"path":"C:\\CodeRepo\\final-project\\server\\src\\schemas\\conservation.schema.ts","statementMap":{"0":{"start":{"line":1,"column":0},"end":{"line":1,"column":51}},"1":{"start":{"line":14,"column":13},"end":{"line":21,"column":2}}},"fnMap":{},"branchMap":{},"s":{"0":7,"1":7},"f":{},"b":{}}
,"C:\\CodeRepo\\final-project\\server\\src\\schemas\\feed.shema.ts": {"path":"C:\\CodeRepo\\final-project\\server\\src\\schemas\\feed.shema.ts","statementMap":{"0":{"start":{"line":1,"column":0},"end":{"line":1,"column":51}},"1":{"start":{"line":6,"column":0},"end":{"line":6,"column":13}},"2":{"start":{"line":17,"column":13},"end":{"line":31,"column":2}}},"fnMap":{},"branchMap":{},"s":{"0":7,"1":7,"2":7},"f":{},"b":{}}
,"C:\\CodeRepo\\final-project\\server\\src\\schemas\\friendList.schema.ts": {"path":"C:\\CodeRepo\\final-project\\server\\src\\schemas\\friendList.schema.ts","statementMap":{"0":{"start":{"line":1,"column":0},"end":{"line":1,"column":51}},"1":{"start":{"line":10,"column":13},"end":{"line":16,"column":2}}},"fnMap":{},"branchMap":{},"s":{"0":7,"1":7},"f":{},"b":{}}
,"C:\\CodeRepo\\final-project\\server\\src\\schemas\\friendRequest.schema.ts": {"path":"C:\\CodeRepo\\final-project\\server\\src\\schemas\\friendRequest.schema.ts","statementMap":{"0":{"start":{"line":1,"column":0},"end":{"line":1,"column":51}},"1":{"start":{"line":2,"column":0},"end":{"line":2,"column":69}},"2":{"start":{"line":14,"column":13},"end":{"line":30,"column":2}}},"fnMap":{},"branchMap":{},"s":{"0":7,"1":7,"2":7},"f":{},"b":{}}
,"C:\\CodeRepo\\final-project\\server\\src\\schemas\\message.schema.ts": {"path":"C:\\CodeRepo\\final-project\\server\\src\\schemas\\message.schema.ts","statementMap":{"0":{"start":{"line":1,"column":0},"end":{"line":1,"column":51}},"1":{"start":{"line":16,"column":13},"end":{"line":31,"column":2}}},"fnMap":{},"branchMap":{},"s":{"0":7,"1":7},"f":{},"b":{}}
,"C:\\CodeRepo\\final-project\\server\\src\\schemas\\notification.schema.ts": {"path":"C:\\CodeRepo\\final-project\\server\\src\\schemas\\notification.schema.ts","statementMap":{"0":{"start":{"line":1,"column":0},"end":{"line":1,"column":51}},"1":{"start":{"line":14,"column":13},"end":{"line":23,"column":2}}},"fnMap":{},"branchMap":{},"s":{"0":7,"1":7},"f":{},"b":{}}
,"C:\\CodeRepo\\final-project\\server\\src\\schemas\\otpvalidation.schema.ts": {"path":"C:\\CodeRepo\\final-project\\server\\src\\schemas\\otpvalidation.schema.ts","statementMap":{"0":{"start":{"line":1,"column":0},"end":{"line":1,"column":51}},"1":{"start":{"line":11,"column":13},"end":{"line":17,"column":2}}},"fnMap":{},"branchMap":{},"s":{"0":7,"1":7},"f":{},"b":{}}
,"C:\\CodeRepo\\final-project\\server\\src\\schemas\\reaction.schema.ts": {"path":"C:\\CodeRepo\\final-project\\server\\src\\schemas\\reaction.schema.ts","statementMap":{"0":{"start":{"line":1,"column":0},"end":{"line":1,"column":51}},"1":{"start":{"line":2,"column":0},"end":{"line":2,"column":60}},"2":{"start":{"line":12,"column":13},"end":{"line":16,"column":3}}},"fnMap":{},"branchMap":{},"s":{"0":7,"1":7,"2":7},"f":{},"b":{}}
,"C:\\CodeRepo\\final-project\\server\\src\\schemas\\room.shcema.ts": {"path":"C:\\CodeRepo\\final-project\\server\\src\\schemas\\room.shcema.ts","statementMap":{"0":{"start":{"line":1,"column":0},"end":{"line":1,"column":51}},"1":{"start":{"line":10,"column":13},"end":{"line":16,"column":2}}},"fnMap":{},"branchMap":{},"s":{"0":7,"1":7},"f":{},"b":{}}
,"C:\\CodeRepo\\final-project\\server\\src\\schemas\\user.schema.ts": {"path":"C:\\CodeRepo\\final-project\\server\\src\\schemas\\user.schema.ts","statementMap":{"0":{"start":{"line":1,"column":0},"end":{"line":1,"column":51}},"1":{"start":{"line":22,"column":13},"end":{"line":39,"column":2}}},"fnMap":{},"branchMap":{},"s":{"0":7,"1":7},"f":{},"b":{}}
,"C:\\CodeRepo\\final-project\\server\\src\\utils\\crypto.util.ts": {"path":"C:\\CodeRepo\\final-project\\server\\src\\utils\\crypto.util.ts","statementMap":{"0":{"start":{"line":1,"column":0},"end":{"line":1,"column":44}},"1":{"start":{"line":2,"column":0},"end":{"line":2,"column":38}},"2":{"start":{"line":5,"column":0},"end":{"line":19,"column":null}},"3":{"start":{"line":7,"column":4},"end":{"line":10,"column":17}},"4":{"start":{"line":13,"column":4},"end":{"line":17,"column":6}},"5":{"start":{"line":5,"column":13},"end":{"line":19,"column":null}},"6":{"start":{"line":5,"column":13},"end":{"line":5,"column":28}}},"fnMap":{"0":{"name":"(anonymous_1)","decl":{"start":{"line":6,"column":2},"end":{"line":6,"column":16}},"loc":{"start":{"line":6,"column":36},"end":{"line":11,"column":3}}},"1":{"name":"(anonymous_2)","decl":{"start":{"line":12,"column":2},"end":{"line":12,"column":17}},"loc":{"start":{"line":12,"column":59},"end":{"line":18,"column":3}}}},"branchMap":{},"s":{"0":7,"1":7,"2":7,"3":1,"4":1,"5":7,"6":7},"f":{"0":1,"1":1},"b":{}}
,"C:\\CodeRepo\\final-project\\server\\src\\utils\\email.util.ts": {"path":"C:\\CodeRepo\\final-project\\server\\src\\utils\\email.util.ts","statementMap":{"0":{"start":{"line":1,"column":0},"end":{"line":1,"column":44}},"1":{"start":{"line":2,"column":0},"end":{"line":2,"column":null}},"2":{"start":{"line":9,"column":0},"end":{"line":33,"column":null}},"3":{"start":{"line":14,"column":4},"end":{"line":23,"column":7}},"4":{"start":{"line":24,"column":15},"end":{"line":27,"column":null}},"5":{"start":{"line":29,"column":4},"end":{"line":29,"column":52}},"6":{"start":{"line":31,"column":4},"end":{"line":31,"column":35}},"7":{"start":{"line":9,"column":13},"end":{"line":33,"column":null}},"8":{"start":{"line":9,"column":13},"end":{"line":9,"column":22}}},"fnMap":{"0":{"name":"(anonymous_2)","decl":{"start":{"line":11,"column":2},"end":{"line":11,"column":17}},"loc":{"start":{"line":11,"column":2},"end":{"line":11,"column":18}}},"1":{"name":"(anonymous_3)","decl":{"start":{"line":13,"column":2},"end":{"line":13,"column":7}},"loc":{"start":{"line":13,"column":41},"end":{"line":32,"column":3}}}},"branchMap":{},"s":{"0":7,"1":7,"2":7,"3":1,"4":1,"5":1,"6":1,"7":7,"8":7},"f":{"0":7,"1":1},"b":{}}
}
