TN:
SF:src\app.module.ts
FN:15,(anonymous_1)
FNF:1
FNH:1
FNDA:7,(anonymous_1)
DA:1,7
DA:2,7
DA:3,7
DA:4,7
DA:5,7
DA:6,7
DA:7,7
DA:8,7
DA:16,7
DA:31,7
LF:10
LH:10
BRF:0
BRH:0
end_of_record
TN:
SF:src\config\config.module.ts
FNF:0
FNH:0
DA:1,7
DA:2,7
DA:8,7
LF:3
LH:3
BRF:0
BRH:0
end_of_record
TN:
SF:src\config\environment-config.service.ts
FN:14,(anonymous_2)
FN:24,(anonymous_3)
FN:25,(anonymous_4)
FN:26,(anonymous_5)
FN:27,(anonymous_6)
FN:28,(anonymous_7)
FN:29,(anonymous_8)
FN:30,(anonymous_9)
FNF:8
FNH:3
FNDA:21,(anonymous_2)
FNDA:7,(anonymous_3)
FNDA:0,(anonymous_4)
FNDA:14,(anonymous_5)
FNDA:0,(anonymous_6)
FNDA:0,(anonymous_7)
FNDA:0,(anonymous_8)
FNDA:0,(anonymous_9)
DA:1,7
DA:2,7
DA:5,7
DA:14,21
DA:15,21
DA:16,21
DA:17,21
DA:18,21
DA:19,21
DA:20,21
DA:21,21
DA:24,21
DA:25,21
DA:26,21
DA:27,21
DA:28,21
DA:29,21
DA:30,21
LF:18
LH:18
BRF:0
BRH:0
end_of_record
TN:
SF:src\filter\http.exception.ts
FN:11,(anonymous_1)
FNF:1
FNH:1
FNDA:6,(anonymous_1)
DA:1,7
DA:10,7
DA:12,6
DA:13,6
DA:14,6
DA:15,6
DA:16,6
LF:7
LH:7
BRF:0
BRH:0
end_of_record
TN:
SF:src\interface\reaction.interface.ts
FN:1,(anonymous_0)
FNF:1
FNH:1
FNDA:7,(anonymous_0)
DA:1,7
DA:2,7
DA:3,7
DA:4,7
DA:5,7
DA:6,7
DA:7,7
LF:7
LH:7
BRDA:1,0,0,7
BRDA:1,0,1,7
BRF:2
BRH:2
end_of_record
TN:
SF:src\interface\status.interface.ts
FN:1,(anonymous_0)
FNF:1
FNH:1
FNDA:7,(anonymous_0)
DA:1,7
DA:2,7
DA:3,7
DA:4,7
DA:5,7
LF:5
LH:5
BRDA:1,0,0,7
BRDA:1,0,1,7
BRF:2
BRH:2
end_of_record
TN:
SF:src\middleware\authenticate.middleware.ts
FN:12,(anonymous_2)
FN:19,(anonymous_3)
FN:33,(anonymous_4)
FN:41,(anonymous_5)
FNF:4
FNH:4
FNDA:7,(anonymous_2)
FNDA:2,(anonymous_3)
FNDA:7,(anonymous_4)
FNDA:17,(anonymous_5)
DA:1,7
DA:2,7
DA:3,7
DA:4,7
DA:5,7
DA:6,7
DA:7,7
DA:11,7
DA:13,7
DA:14,7
DA:16,7
DA:20,2
DA:21,2
DA:25,1
DA:27,1
DA:32,7
DA:33,7
DA:34,7
DA:42,17
DA:47,7
DA:50,7
LF:21
LH:21
BRDA:21,0,0,1
BRDA:22,1,0,2
BRDA:22,1,1,1
BRDA:23,2,0,0
BRDA:23,2,1,1
BRDA:23,3,0,1
BRDA:23,3,1,1
BRF:7
BRH:6
end_of_record
TN:
SF:src\middleware\authorize.middleware.ts
FN:10,(anonymous_2)
FN:16,(anonymous_3)
FN:20,(anonymous_4)
FN:22,(anonymous_5)
FN:33,(anonymous_6)
FNF:5
FNH:2
FNDA:7,(anonymous_2)
FNDA:0,(anonymous_3)
FNDA:7,(anonymous_4)
FNDA:0,(anonymous_5)
FNDA:0,(anonymous_6)
DA:1,7
DA:7,7
DA:10,7
DA:11,7
DA:12,7
DA:15,7
DA:16,7
DA:19,7
DA:20,7
DA:25,0
DA:29,0
DA:30,0
DA:32,0
DA:33,0
LF:14
LH:9
BRDA:10,0,0,7
BRDA:10,0,1,7
BRDA:29,1,0,0
BRDA:33,2,0,0
BRDA:33,2,1,0
BRDA:33,3,0,0
BRDA:33,3,1,0
BRF:7
BRH:2
end_of_record
TN:
SF:src\modules\combine.module.ts
FNF:0
FNH:0
DA:1,7
DA:4,7
DA:5,7
DA:6,7
DA:7,7
DA:8,7
DA:9,7
DA:10,7
DA:11,7
DA:24,7
LF:10
LH:10
BRF:0
BRH:0
end_of_record
TN:
SF:src\modules\auth\auth.controller.ts
FN:9,(anonymous_4)
FN:13,(anonymous_5)
FN:22,(anonymous_6)
FN:36,(anonymous_7)
FNF:4
FNH:3
FNDA:7,(anonymous_4)
FNDA:1,(anonymous_5)
FNDA:0,(anonymous_6)
FNDA:3,(anonymous_7)
DA:1,7
DA:3,7
DA:4,7
DA:5,7
DA:8,7
DA:9,7
DA:13,7
DA:17,1
DA:18,1
DA:22,7
DA:27,0
DA:28,0
DA:29,0
DA:31,0
DA:36,7
DA:40,3
DA:41,3
DA:42,1
DA:46,2
LF:19
LH:15
BRDA:46,0,0,0
BRDA:46,0,1,2
BRDA:46,1,0,2
BRDA:46,1,1,2
BRF:4
BRH:3
end_of_record
TN:
SF:src\modules\auth\auth.module.ts
FN:36,(anonymous_1)
FNF:1
FNH:1
FNDA:7,(anonymous_1)
DA:1,7
DA:2,7
DA:3,7
DA:4,7
DA:5,7
DA:6,7
DA:7,7
DA:8,7
DA:9,7
DA:10,7
DA:11,7
DA:12,7
DA:13,7
DA:14,7
DA:37,7
DA:50,7
LF:16
LH:16
BRF:0
BRH:0
end_of_record
TN:
SF:src\modules\auth\auth.service.ts
FN:12,(anonymous_2)
FN:19,(anonymous_3)
FN:27,(anonymous_4)
FN:39,(anonymous_5)
FNF:4
FNH:3
FNDA:7,(anonymous_2)
FNDA:1,(anonymous_3)
FNDA:0,(anonymous_4)
FNDA:3,(anonymous_5)
DA:1,7
DA:2,7
DA:3,7
DA:4,7
DA:6,7
DA:7,7
DA:11,7
DA:13,7
DA:14,7
DA:15,7
DA:16,7
DA:20,1
DA:28,0
DA:29,0
DA:33,0
DA:35,0
DA:40,3
DA:41,3
DA:42,3
DA:45,3
DA:46,2
DA:49,1
DA:51,1
DA:56,1
DA:59,1
DA:62,2
LF:26
LH:22
BRDA:45,0,0,2
BRDA:45,0,1,1
BRF:2
BRH:2
end_of_record
TN:
SF:src\modules\auth\dto\user.dto.ts
FN:20,(anonymous_0)
FNF:1
FNH:1
FNDA:344,(anonymous_0)
DA:4,7
DA:8,7
DA:12,7
DA:19,7
DA:25,344
DA:26,344
DA:27,344
DA:28,344
DA:29,344
DA:30,344
DA:31,344
DA:32,344
DA:33,344
DA:34,344
DA:35,344
DA:36,344
DA:37,344
DA:38,344
DA:39,344
DA:40,344
LF:20
LH:20
BRF:0
BRH:0
end_of_record
TN:
SF:src\modules\conservation\conservation.controller.ts
FN:23,(anonymous_4)
FN:25,(anonymous_5)
FN:36,(anonymous_6)
FN:53,(anonymous_7)
FN:68,(anonymous_8)
FNF:5
FNH:4
FNDA:7,(anonymous_4)
FNDA:1,(anonymous_5)
FNDA:1,(anonymous_6)
FNDA:1,(anonymous_7)
FNDA:0,(anonymous_8)
DA:1,7
DA:16,7
DA:18,7
DA:22,7
DA:23,7
DA:25,7
DA:29,1
DA:32,1
DA:36,7
DA:41,1
DA:42,1
DA:46,1
DA:48,0
DA:53,7
DA:57,1
DA:58,1
DA:61,1
DA:63,0
DA:68,7
DA:73,0
DA:74,0
DA:78,0
DA:80,0
LF:23
LH:17
BRF:0
BRH:0
end_of_record
TN:
SF:src\modules\conservation\conservation.dto.ts
FN:16,(anonymous_0)
FN:25,(anonymous_1)
FN:40,(anonymous_2)
FN:43,(anonymous_3)
FN:46,(anonymous_4)
FN:50,(anonymous_5)
FNF:6
FNH:5
FNDA:247,(anonymous_0)
FNDA:0,(anonymous_1)
FNDA:5,(anonymous_2)
FNDA:10,(anonymous_3)
FNDA:246,(anonymous_4)
FNDA:8,(anonymous_5)
DA:4,7
DA:5,7
DA:15,7
DA:17,247
DA:18,247
DA:19,247
DA:20,247
DA:21,247
DA:22,247
DA:23,247
DA:24,247
DA:25,0
DA:39,7
DA:41,5
DA:42,5
DA:43,10
DA:45,5
DA:46,246
DA:48,5
DA:49,5
DA:50,8
LF:21
LH:20
BRF:0
BRH:0
end_of_record
TN:
SF:src\modules\conservation\conservation.module.ts
FNF:0
FNH:0
DA:1,7
DA:2,7
DA:3,7
DA:4,7
DA:5,7
DA:7,7
DA:12,7
DA:13,7
DA:14,7
DA:15,7
DA:33,7
LF:11
LH:11
BRF:0
BRH:0
end_of_record
TN:
SF:src\modules\conservation\conversavtion.service.ts
FN:15,(anonymous_2)
FN:22,(anonymous_3)
FN:36,(anonymous_4)
FN:40,(anonymous_5)
FN:43,(anonymous_6)
FN:63,(anonymous_7)
FN:88,(anonymous_8)
FN:92,(anonymous_9)
FN:95,(anonymous_10)
FNF:9
FNH:6
FNDA:7,(anonymous_2)
FNDA:1,(anonymous_3)
FNDA:6,(anonymous_4)
FNDA:4,(anonymous_5)
FNDA:1,(anonymous_6)
FNDA:0,(anonymous_7)
FNDA:0,(anonymous_8)
FNDA:0,(anonymous_9)
FNDA:1,(anonymous_10)
DA:1,7
DA:2,7
DA:3,7
DA:4,7
DA:6,7
DA:7,7
DA:14,7
DA:16,7
DA:17,7
DA:18,7
DA:19,7
DA:23,1
DA:34,1
DA:37,6
DA:40,4
DA:47,1
DA:60,1
DA:67,0
DA:68,0
DA:71,0
DA:72,0
DA:76,0
DA:86,0
DA:89,0
DA:92,0
DA:96,1
DA:99,1
DA:102,1
DA:107,1
DA:114,1
DA:115,1
DA:116,1
DA:121,0
DA:127,1
DA:128,0
DA:132,0
DA:137,1
LF:37
LH:26
BRDA:114,0,0,1
BRDA:114,0,1,0
BRDA:127,1,0,0
BRF:3
BRH:1
end_of_record
TN:
SF:src\modules\feeds\feed.controller.ts
FN:22,(anonymous_4)
FN:25,(anonymous_5)
FN:32,(anonymous_6)
FN:41,(anonymous_7)
FN:50,(anonymous_8)
FN:69,(anonymous_9)
FN:88,(anonymous_10)
FN:105,(anonymous_11)
FN:124,(anonymous_12)
FNF:9
FNH:6
FNDA:7,(anonymous_4)
FNDA:1,(anonymous_5)
FNDA:1,(anonymous_6)
FNDA:1,(anonymous_7)
FNDA:2,(anonymous_8)
FNDA:0,(anonymous_9)
FNDA:0,(anonymous_10)
FNDA:0,(anonymous_11)
FNDA:1,(anonymous_12)
DA:1,7
DA:14,7
DA:15,7
DA:16,7
DA:17,7
DA:21,7
DA:22,7
DA:25,7
DA:26,1
DA:27,1
DA:28,1
DA:32,7
DA:36,1
DA:37,1
DA:41,7
DA:45,1
DA:46,1
DA:50,7
DA:56,2
DA:57,2
DA:62,2
DA:64,0
DA:69,7
DA:75,0
DA:76,0
DA:81,0
DA:83,0
DA:88,7
DA:94,0
DA:95,0
DA:99,0
DA:101,0
DA:105,7
DA:111,0
DA:112,0
DA:117,0
DA:119,0
DA:124,7
DA:129,1
DA:130,1
DA:131,1
DA:132,1
DA:134,0
LF:43
LH:29
BRF:0
BRH:0
end_of_record
TN:
SF:src\modules\feeds\feed.module.ts
FNF:0
FNH:0
DA:1,7
DA:2,7
DA:3,7
DA:4,7
DA:5,7
DA:6,7
DA:8,7
DA:9,7
DA:16,7
DA:17,7
DA:36,7
LF:11
LH:11
BRF:0
BRH:0
end_of_record
TN:
SF:src\modules\feeds\feed.service.ts
FN:19,(anonymous_2)
FN:27,(anonymous_3)
FN:49,(anonymous_4)
FN:70,(anonymous_5)
FN:73,(anonymous_6)
FN:90,(anonymous_7)
FN:95,(anonymous_8)
FN:116,(anonymous_9)
FN:119,(anonymous_10)
FN:142,(anonymous_11)
FN:145,(anonymous_12)
FN:174,(anonymous_13)
FN:194,(anonymous_14)
FN:197,(anonymous_15)
FN:207,(anonymous_16)
FN:210,(anonymous_17)
FNF:16
FNH:10
FNDA:7,(anonymous_2)
FNDA:1,(anonymous_3)
FNDA:1,(anonymous_4)
FNDA:15,(anonymous_5)
FNDA:1,(anonymous_6)
FNDA:1,(anonymous_7)
FNDA:4,(anonymous_8)
FNDA:19,(anonymous_9)
FNDA:2,(anonymous_10)
FNDA:41,(anonymous_11)
FNDA:0,(anonymous_12)
FNDA:0,(anonymous_13)
FNDA:0,(anonymous_14)
FNDA:0,(anonymous_15)
FNDA:0,(anonymous_16)
FNDA:0,(anonymous_17)
DA:1,7
DA:2,7
DA:3,7
DA:4,7
DA:5,7
DA:6,7
DA:13,7
DA:14,7
DA:15,7
DA:18,7
DA:20,7
DA:21,7
DA:22,7
DA:23,7
DA:24,7
DA:28,1
DA:31,1
DA:35,1
DA:46,1
DA:50,1
DA:70,15
DA:74,1
DA:87,1
DA:92,1
DA:95,1
DA:96,4
DA:98,1
DA:116,19
DA:124,2
DA:127,2
DA:130,2
DA:134,2
DA:135,2
DA:139,2
DA:142,41
DA:150,0
DA:151,0
DA:157,0
DA:161,0
DA:162,0
DA:169,0
DA:174,0
DA:176,0
DA:181,0
DA:185,0
DA:189,0
DA:194,0
DA:201,0
DA:202,0
DA:207,0
DA:215,0
DA:216,0
DA:219,0
DA:223,0
LF:54
LH:35
BRDA:161,0,0,0
BRF:1
BRH:0
end_of_record
TN:
SF:src\modules\feeds\dto\comments.dto.ts
FN:6,(anonymous_0)
FN:11,(anonymous_1)
FNF:2
FNH:2
FNDA:151,(anonymous_0)
FNDA:17,(anonymous_1)
DA:2,7
DA:5,7
DA:7,151
DA:8,151
DA:9,151
DA:10,151
DA:11,151
LF:7
LH:7
BRDA:11,0,0,17
BRDA:11,0,1,134
BRDA:11,1,0,151
BRDA:11,1,1,151
BRDA:11,2,0,0
BRDA:11,2,1,151
BRDA:11,3,0,151
BRDA:11,3,1,151
BRF:8
BRH:7
end_of_record
TN:
SF:src\modules\feeds\dto\feed.dto.ts
FN:7,(anonymous_0)
FN:14,(anonymous_1)
FN:16,(anonymous_2)
FN:30,(anonymous_3)
FNF:4
FNH:3
FNDA:36,(anonymous_0)
FNDA:93,(anonymous_1)
FNDA:33,(anonymous_2)
FNDA:0,(anonymous_3)
DA:2,7
DA:3,7
DA:4,7
DA:6,7
DA:8,36
DA:9,36
DA:10,36
DA:11,36
DA:12,36
DA:13,36
DA:14,93
DA:15,36
DA:16,33
DA:29,7
DA:31,0
DA:32,0
LF:16
LH:14
BRDA:11,0,0,0
BRDA:11,0,1,36
BRDA:11,1,0,36
BRDA:11,1,1,36
BRDA:14,2,0,0
BRDA:14,2,1,36
BRDA:14,3,0,36
BRDA:14,3,1,36
BRDA:15,4,0,0
BRDA:15,4,1,36
BRDA:15,5,0,36
BRDA:15,5,1,36
BRDA:32,6,0,0
BRDA:32,6,1,0
BRDA:32,7,0,0
BRDA:32,7,1,0
BRF:16
BRH:9
end_of_record
TN:
SF:src\modules\feeds\dto\reaction.dto.ts
FN:6,(anonymous_0)
FNF:1
FNH:1
FNDA:33,(anonymous_0)
DA:2,7
DA:5,7
DA:7,33
DA:8,33
DA:9,33
DA:16,7
LF:6
LH:6
BRF:0
BRH:0
end_of_record
TN:
SF:src\modules\friends\friend.controller.ts
FN:26,(anonymous_4)
FN:29,(anonymous_5)
FN:39,(anonymous_6)
FN:50,(anonymous_7)
FN:60,(anonymous_8)
FN:70,(anonymous_9)
FN:81,(anonymous_10)
FN:92,(anonymous_11)
FN:104,(anonymous_12)
FN:124,(anonymous_13)
FN:135,(anonymous_14)
FNF:11
FNH:6
FNDA:7,(anonymous_4)
FNDA:1,(anonymous_5)
FNDA:1,(anonymous_6)
FNDA:0,(anonymous_7)
FNDA:0,(anonymous_8)
FNDA:1,(anonymous_9)
FNDA:1,(anonymous_10)
FNDA:1,(anonymous_11)
FNDA:0,(anonymous_12)
FNDA:0,(anonymous_13)
FNDA:0,(anonymous_14)
DA:1,7
DA:15,7
DA:16,7
DA:19,7
DA:21,7
DA:25,7
DA:26,7
DA:29,7
DA:34,1
DA:35,1
DA:39,7
DA:43,1
DA:46,1
DA:50,7
DA:55,0
DA:56,0
DA:60,7
DA:65,0
DA:66,0
DA:67,0
DA:70,7
DA:74,1
DA:76,1
DA:77,1
DA:81,7
DA:85,1
DA:87,1
DA:88,1
DA:92,7
DA:97,1
DA:99,1
DA:100,1
DA:104,7
DA:110,0
DA:111,0
DA:112,0
DA:113,0
DA:119,0
DA:124,7
DA:129,0
DA:130,0
DA:131,0
DA:135,7
DA:139,0
DA:140,0
LF:45
LH:30
BRDA:115,0,0,0
BRDA:115,0,1,0
BRDA:119,1,0,0
BRDA:119,1,1,0
BRDA:119,2,0,0
BRDA:119,2,1,0
BRF:6
BRH:0
end_of_record
TN:
SF:src\modules\friends\friend.module.ts
FNF:0
FNH:0
DA:1,7
DA:3,7
DA:4,7
DA:5,7
DA:7,7
DA:8,7
DA:9,7
DA:15,7
DA:16,7
DA:31,7
LF:10
LH:10
BRF:0
BRH:0
end_of_record
TN:
SF:src\modules\friends\friend.service.ts
FN:17,(anonymous_2)
FN:24,(anonymous_3)
FN:58,(anonymous_4)
FN:85,(anonymous_5)
FN:88,(anonymous_6)
FN:110,(anonymous_7)
FN:123,(anonymous_8)
FN:138,(anonymous_9)
FN:153,(anonymous_10)
FN:168,(anonymous_11)
FN:176,(anonymous_12)
FN:190,(anonymous_13)
FN:249,(anonymous_14)
FN:255,(anonymous_15)
FN:259,(anonymous_16)
FN:271,(anonymous_17)
FN:277,(anonymous_18)
FN:284,(anonymous_19)
FN:291,(anonymous_20)
FNF:19
FNH:13
FNDA:7,(anonymous_2)
FNDA:0,(anonymous_3)
FNDA:13,(anonymous_4)
FNDA:52,(anonymous_5)
FNDA:11,(anonymous_6)
FNDA:1,(anonymous_7)
FNDA:1,(anonymous_8)
FNDA:1,(anonymous_9)
FNDA:1,(anonymous_10)
FNDA:1,(anonymous_11)
FNDA:4,(anonymous_12)
FNDA:0,(anonymous_13)
FNDA:0,(anonymous_14)
FNDA:0,(anonymous_15)
FNDA:0,(anonymous_16)
FNDA:0,(anonymous_17)
FNDA:1,(anonymous_18)
FNDA:6,(anonymous_19)
FNDA:6,(anonymous_20)
DA:1,7
DA:2,7
DA:3,7
DA:4,7
DA:5,7
DA:10,7
DA:12,7
DA:13,7
DA:16,7
DA:18,7
DA:19,7
DA:20,7
DA:21,7
DA:29,0
DA:33,0
DA:37,0
DA:39,0
DA:42,0
DA:45,0
DA:49,0
DA:54,0
DA:63,13
DA:65,13
DA:67,13
DA:71,13
DA:72,11
DA:77,13
DA:80,13
DA:83,13
DA:85,52
DA:88,11
DA:91,9
DA:98,4
DA:99,4
DA:106,0
DA:111,1
DA:113,1
DA:122,1
DA:124,1
DA:128,1
DA:135,1
DA:141,1
DA:143,1
DA:152,1
DA:154,1
DA:158,1
DA:165,1
DA:169,1
DA:171,1
DA:174,1
DA:175,1
DA:177,4
DA:181,4
DA:184,1
DA:186,0
DA:195,0
DA:196,0
DA:199,0
DA:200,0
DA:202,0
DA:203,0
DA:207,0
DA:210,0
DA:212,0
DA:213,0
DA:214,0
DA:218,0
DA:222,0
DA:223,0
DA:228,0
DA:232,0
DA:233,0
DA:234,0
DA:239,0
DA:244,0
DA:251,0
DA:253,0
DA:254,0
DA:255,0
DA:258,0
DA:259,0
DA:261,0
DA:265,0
DA:272,0
DA:278,1
DA:283,1
DA:286,6
DA:287,6
DA:290,1
DA:292,6
LF:90
LH:51
BRDA:33,0,0,0
BRDA:33,0,1,0
BRDA:34,1,0,0
BRDA:34,1,1,0
BRDA:71,2,0,11
BRDA:83,3,0,9
BRDA:84,4,0,13
BRDA:84,4,1,9
BRDA:98,5,0,4
BRDA:98,5,1,0
BRDA:199,6,0,0
BRDA:199,6,1,0
BRDA:202,7,0,0
BRDA:202,7,1,0
BRDA:204,8,0,0
BRDA:204,8,1,0
BRDA:204,9,0,0
BRDA:204,9,1,0
BRDA:204,10,0,0
BRDA:204,10,1,0
BRDA:204,11,0,0
BRDA:204,11,1,0
BRDA:232,12,0,0
BRDA:232,12,1,0
BRF:24
BRH:5
end_of_record
TN:
SF:src\modules\friends\dto\friendRequest.dto.ts
FNF:0
FNH:0
DA:1,7
LF:1
LH:1
BRF:0
BRH:0
end_of_record
TN:
SF:src\modules\friends\dto\friendStatusChecking.dto.ts
FN:6,(anonymous_0)
FNF:1
FNH:1
FNDA:13,(anonymous_0)
DA:1,7
DA:12,13
DA:13,13
DA:14,13
DA:15,13
LF:5
LH:5
BRF:0
BRH:0
end_of_record
TN:
SF:src\modules\notifications\notification.controller.ts
FN:21,(anonymous_4)
FN:24,(anonymous_5)
FN:38,(anonymous_6)
FN:62,(anonymous_7)
FNF:4
FNH:3
FNDA:7,(anonymous_4)
FNDA:1,(anonymous_5)
FNDA:1,(anonymous_6)
FNDA:0,(anonymous_7)
DA:1,7
DA:14,7
DA:16,7
DA:20,7
DA:21,7
DA:24,7
DA:28,1
DA:30,1
DA:31,1
DA:33,0
DA:38,7
DA:43,1
DA:44,1
DA:45,0
DA:50,1
DA:55,1
DA:57,0
DA:62,7
DA:67,0
DA:69,0
DA:73,0
DA:75,0
LF:22
LH:15
BRDA:44,0,0,0
BRDA:44,0,1,1
BRF:2
BRH:1
end_of_record
TN:
SF:src\modules\notifications\notification.dto.ts
FN:5,(anonymous_0)
FN:10,(anonymous_1)
FN:12,(anonymous_2)
FNF:3
FNH:3
FNDA:11,(anonymous_0)
FNDA:7,(anonymous_1)
FNDA:11,(anonymous_2)
DA:2,7
DA:4,7
DA:6,11
DA:7,11
DA:8,11
DA:9,11
DA:10,11
DA:11,11
DA:12,11
DA:14,11
LF:10
LH:10
BRF:0
BRH:0
end_of_record
TN:
SF:src\modules\notifications\notification.module.ts
FNF:0
FNH:0
DA:1,7
DA:2,7
DA:3,7
DA:4,7
DA:5,7
DA:6,7
DA:7,7
DA:8,7
DA:9,7
DA:10,7
DA:28,7
LF:11
LH:11
BRF:0
BRH:0
end_of_record
TN:
SF:src\modules\notifications\notification.service.ts
FN:11,(anonymous_2)
FN:18,(anonymous_3)
FN:32,(anonymous_4)
FN:36,(anonymous_5)
FN:56,(anonymous_6)
FN:57,(anonymous_7)
FN:66,(anonymous_8)
FN:81,(anonymous_9)
FNF:8
FNH:5
FNDA:7,(anonymous_2)
FNDA:1,(anonymous_3)
FNDA:11,(anonymous_4)
FNDA:1,(anonymous_5)
FNDA:4,(anonymous_6)
FNDA:0,(anonymous_7)
FNDA:0,(anonymous_8)
FNDA:0,(anonymous_9)
DA:1,7
DA:2,7
DA:3,7
DA:4,7
DA:6,7
DA:7,7
DA:10,7
DA:12,7
DA:13,7
DA:14,7
DA:15,7
DA:19,1
DA:31,1
DA:32,11
DA:40,1
DA:45,1
DA:50,1
DA:55,1
DA:56,4
DA:57,0
DA:58,1
DA:59,0
DA:70,0
DA:71,0
DA:74,0
DA:78,0
DA:85,0
DA:88,0
DA:94,0
DA:99,0
DA:100,0
LF:31
LH:20
BRDA:58,0,0,0
BRDA:99,1,0,0
BRF:2
BRH:0
end_of_record
TN:
SF:src\modules\persistance\db.module.ts
FNF:0
FNH:0
DA:1,7
DA:2,7
DA:8,7
LF:3
LH:3
BRF:0
BRH:0
end_of_record
TN:
SF:src\modules\persistance\db.providers.ts
FN:18,(anonymous_0)
FN:26,(anonymous_1)
FN:33,(anonymous_2)
FN:40,(anonymous_3)
FN:47,(anonymous_4)
FN:54,(anonymous_5)
FN:61,(anonymous_6)
FN:68,(anonymous_7)
FN:75,(anonymous_8)
FN:82,(anonymous_9)
FN:89,(anonymous_10)
FN:96,(anonymous_11)
FNF:12
FNH:11
FNDA:7,(anonymous_0)
FNDA:7,(anonymous_1)
FNDA:7,(anonymous_2)
FNDA:7,(anonymous_3)
FNDA:7,(anonymous_4)
FNDA:7,(anonymous_5)
FNDA:7,(anonymous_6)
FNDA:56,(anonymous_7)
FNDA:7,(anonymous_8)
FNDA:42,(anonymous_9)
FNDA:7,(anonymous_10)
FNDA:0,(anonymous_11)
DA:1,7
DA:2,7
DA:3,7
DA:4,7
DA:5,7
DA:6,7
DA:7,7
DA:8,7
DA:9,7
DA:10,7
DA:11,7
DA:12,7
DA:15,7
DA:20,7
DA:24,7
DA:27,7
DA:31,7
DA:34,7
DA:38,7
DA:41,7
DA:45,7
DA:48,7
DA:52,7
DA:55,7
DA:59,7
DA:62,7
DA:66,7
DA:69,56
DA:73,7
DA:76,7
DA:80,7
DA:83,42
DA:87,7
DA:90,7
DA:94,7
DA:97,0
LF:36
LH:35
BRF:0
BRH:0
end_of_record
TN:
SF:src\modules\profile\profile.controller.ts
FN:21,(anonymous_4)
FN:23,(anonymous_5)
FN:37,(anonymous_6)
FNF:3
FNH:3
FNDA:7,(anonymous_4)
FNDA:2,(anonymous_5)
FNDA:1,(anonymous_6)
DA:1,7
DA:15,7
DA:16,7
DA:17,7
DA:20,7
DA:21,7
DA:23,7
DA:27,2
DA:28,2
DA:29,1
DA:31,1
DA:37,7
DA:42,1
DA:43,1
DA:47,1
DA:49,0
LF:16
LH:15
BRF:0
BRH:0
end_of_record
TN:
SF:src\modules\profile\profile.dto.ts
FN:5,(anonymous_0)
FNF:1
FNH:1
FNDA:189,(anonymous_0)
DA:2,7
DA:4,7
DA:6,189
DA:7,189
DA:8,189
DA:9,189
DA:10,189
DA:11,189
DA:12,189
DA:13,189
DA:14,189
DA:15,189
DA:16,189
DA:17,189
DA:18,189
DA:19,189
DA:20,189
DA:37,7
LF:18
LH:18
BRF:0
BRH:0
end_of_record
TN:
SF:src\modules\profile\profile.module.ts
FNF:0
FNH:0
DA:1,7
DA:2,7
DA:3,7
DA:5,7
DA:6,7
DA:7,7
DA:8,7
DA:21,7
LF:8
LH:8
BRF:0
BRH:0
end_of_record
TN:
SF:src\modules\profile\profile.service.ts
FN:10,(anonymous_2)
FN:15,(anonymous_3)
FN:25,(anonymous_4)
FN:36,(anonymous_5)
FN:45,(anonymous_6)
FNF:5
FNH:4
FNDA:7,(anonymous_2)
FNDA:2,(anonymous_3)
FNDA:0,(anonymous_4)
FNDA:4,(anonymous_5)
FNDA:1,(anonymous_6)
DA:1,7
DA:2,7
DA:3,7
DA:6,7
DA:9,7
DA:11,7
DA:12,7
DA:16,2
DA:17,2
DA:20,2
DA:22,0
DA:23,0
DA:24,0
DA:25,0
DA:27,0
DA:29,2
DA:33,1
DA:34,1
DA:35,1
DA:36,4
DA:38,1
DA:41,1
DA:49,1
DA:52,1
DA:53,0
DA:58,1
LF:26
LH:20
BRDA:20,0,0,0
BRDA:20,0,1,2
BRDA:52,1,0,0
BRDA:52,1,1,1
BRF:4
BRH:2
end_of_record
TN:
SF:src\modules\realtime\socket.gateway.ts
FN:24,(anonymous_2)
FN:33,(anonymous_3)
FN:48,(anonymous_4)
FN:49,(anonymous_5)
FN:57,(anonymous_6)
FN:61,(anonymous_7)
FN:66,(anonymous_8)
FN:79,(anonymous_9)
FN:88,(anonymous_10)
FN:93,(anonymous_11)
FN:98,(anonymous_12)
FN:112,(anonymous_13)
FN:113,(anonymous_14)
FN:122,(anonymous_15)
FN:126,(anonymous_16)
FNF:15
FNH:2
FNDA:21,(anonymous_2)
FNDA:0,(anonymous_3)
FNDA:0,(anonymous_4)
FNDA:0,(anonymous_5)
FNDA:0,(anonymous_6)
FNDA:21,(anonymous_7)
FNDA:0,(anonymous_8)
FNDA:0,(anonymous_9)
FNDA:0,(anonymous_10)
FNDA:0,(anonymous_11)
FNDA:0,(anonymous_12)
FNDA:0,(anonymous_13)
FNDA:0,(anonymous_14)
FNDA:0,(anonymous_15)
FNDA:0,(anonymous_16)
DA:1,7
DA:9,7
DA:10,7
DA:11,7
DA:13,7
DA:14,7
DA:21,7
DA:25,21
DA:26,21
DA:29,7
DA:30,21
DA:33,7
DA:34,0
DA:38,0
DA:41,0
DA:42,0
DA:47,0
DA:48,0
DA:49,0
DA:50,0
DA:51,0
DA:52,0
DA:57,7
DA:58,0
DA:62,21
DA:66,7
DA:67,0
DA:68,0
DA:71,0
DA:75,0
DA:79,7
DA:80,0
DA:81,0
DA:82,0
DA:88,7
DA:89,0
DA:93,7
DA:94,0
DA:95,0
DA:99,0
DA:100,0
DA:104,0
DA:105,0
DA:106,0
DA:111,0
DA:112,0
DA:113,0
DA:114,0
DA:115,0
DA:116,0
DA:117,0
DA:123,0
DA:127,0
LF:53
LH:18
BRDA:49,0,0,0
BRDA:49,0,1,0
BRDA:49,1,0,0
BRDA:49,1,1,0
BRDA:50,2,0,0
BRDA:104,3,0,0
BRDA:113,4,0,0
BRDA:113,4,1,0
BRDA:113,5,0,0
BRDA:113,5,1,0
BRDA:114,6,0,0
BRF:11
BRH:0
end_of_record
TN:
SF:src\modules\realtime\socket.module.ts
FNF:0
FNH:0
DA:1,7
DA:2,7
DA:3,7
DA:5,7
DA:6,7
DA:7,7
DA:20,7
LF:7
LH:7
BRF:0
BRH:0
end_of_record
TN:
SF:src\modules\validation\validation.controller.ts
FN:15,(anonymous_4)
FN:18,(anonymous_5)
FN:34,(anonymous_6)
FNF:3
FNH:2
FNDA:7,(anonymous_4)
FNDA:2,(anonymous_5)
FNDA:0,(anonymous_6)
DA:1,7
DA:9,7
DA:14,7
DA:15,7
DA:18,7
DA:23,2
DA:24,2
DA:25,1
DA:29,1
DA:34,7
DA:39,0
DA:40,0
DA:44,0
DA:46,0
LF:14
LH:10
BRF:0
BRH:0
end_of_record
TN:
SF:src\modules\validation\validation.module.ts
FNF:0
FNH:0
DA:1,7
DA:2,7
DA:3,7
DA:4,7
DA:5,7
DA:6,7
DA:7,7
DA:8,7
DA:9,7
DA:24,7
LF:10
LH:10
BRF:0
BRH:0
end_of_record
TN:
SF:src\modules\validation\validation.service.ts
FN:12,(anonymous_2)
FN:18,(anonymous_3)
FN:51,(anonymous_4)
FNF:3
FNH:2
FNDA:7,(anonymous_2)
FNDA:2,(anonymous_3)
FNDA:0,(anonymous_4)
DA:1,7
DA:2,7
DA:3,7
DA:6,7
DA:10,7
DA:11,7
DA:13,7
DA:14,7
DA:15,7
DA:19,2
DA:21,2
DA:22,2
DA:23,1
DA:28,1
DA:29,1
DA:30,1
DA:35,1
DA:39,1
DA:40,1
DA:45,0
DA:46,0
DA:52,0
DA:56,0
DA:60,0
DA:61,0
DA:65,0
DA:66,0
DA:69,0
DA:72,0
DA:73,0
DA:74,0
DA:76,0
LF:32
LH:19
BRDA:22,0,0,1
BRDA:22,0,1,1
BRDA:29,1,0,1
BRDA:60,2,0,0
BRDA:65,3,0,0
BRDA:73,4,0,0
BRF:6
BRH:3
end_of_record
TN:
SF:src\repository\base.repository.ts
FN:10,(anonymous_0)
FN:12,(anonymous_1)
FN:27,(anonymous_2)
FN:39,(anonymous_3)
FN:44,(anonymous_4)
FN:58,(anonymous_5)
FN:62,(anonymous_6)
FNF:7
FNH:6
FNDA:154,(anonymous_0)
FNDA:107,(anonymous_1)
FNDA:7,(anonymous_2)
FNDA:8,(anonymous_3)
FNDA:4,(anonymous_4)
FNDA:1,(anonymous_5)
FNDA:0,(anonymous_6)
DA:9,7
DA:10,154
DA:17,107
DA:32,7
DA:40,8
DA:41,8
DA:49,4
DA:59,1
DA:63,0
DA:64,0
LF:10
LH:8
BRF:0
BRH:0
end_of_record
TN:
SF:src\repository\comment.repository.ts
FN:8,(anonymous_4)
FNF:1
FNH:1
FNDA:7,(anonymous_4)
DA:1,7
DA:2,7
DA:3,7
DA:7,7
DA:12,7
LF:5
LH:5
BRF:0
BRH:0
end_of_record
TN:
SF:src\repository\conservation.repository.ts
FN:8,(anonymous_4)
FNF:1
FNH:1
FNDA:7,(anonymous_4)
DA:1,7
DA:2,7
DA:3,7
DA:7,7
DA:12,7
LF:5
LH:5
BRF:0
BRH:0
end_of_record
TN:
SF:src\repository\feed.repository.ts
FN:8,(anonymous_4)
FNF:1
FNH:1
FNDA:7,(anonymous_4)
DA:1,7
DA:2,7
DA:3,7
DA:7,7
DA:12,7
LF:5
LH:5
BRF:0
BRH:0
end_of_record
TN:
SF:src\repository\friendList.repository.ts
FN:8,(anonymous_4)
FNF:1
FNH:1
FNDA:42,(anonymous_4)
DA:1,7
DA:2,7
DA:3,7
DA:7,7
DA:11,42
LF:5
LH:5
BRF:0
BRH:0
end_of_record
TN:
SF:src\repository\friendRequest.repository.ts
FN:8,(anonymous_4)
FNF:1
FNH:1
FNDA:7,(anonymous_4)
DA:1,7
DA:2,7
DA:3,7
DA:7,7
DA:12,7
LF:5
LH:5
BRF:0
BRH:0
end_of_record
TN:
SF:src\repository\message.repository.ts
FN:8,(anonymous_4)
FNF:1
FNH:1
FNDA:7,(anonymous_4)
DA:1,7
DA:2,7
DA:3,7
DA:7,7
DA:9,7
LF:5
LH:5
BRF:0
BRH:0
end_of_record
TN:
SF:src\repository\notification.repository.ts
FN:8,(anonymous_4)
FNF:1
FNH:1
FNDA:7,(anonymous_4)
DA:1,7
DA:2,7
DA:3,7
DA:7,7
DA:12,7
LF:5
LH:5
BRF:0
BRH:0
end_of_record
TN:
SF:src\repository\optvalidation.repository.ts
FN:8,(anonymous_4)
FNF:1
FNH:1
FNDA:7,(anonymous_4)
DA:1,7
DA:2,7
DA:3,7
DA:7,7
DA:11,7
LF:5
LH:5
BRF:0
BRH:0
end_of_record
TN:
SF:src\repository\reaction.repository.ts
FN:8,(anonymous_4)
FNF:1
FNH:1
FNDA:7,(anonymous_4)
DA:1,7
DA:2,7
DA:3,7
DA:7,7
DA:11,7
LF:5
LH:5
BRF:0
BRH:0
end_of_record
TN:
SF:src\repository\user.repository.ts
FN:8,(anonymous_4)
FNF:1
FNH:1
FNDA:56,(anonymous_4)
DA:1,7
DA:2,7
DA:4,7
DA:7,7
DA:9,56
LF:5
LH:5
BRF:0
BRH:0
end_of_record
TN:
SF:src\schemas\comment.schema.ts
FNF:0
FNH:0
DA:1,7
DA:12,7
LF:2
LH:2
BRF:0
BRH:0
end_of_record
TN:
SF:src\schemas\conservation.schema.ts
FNF:0
FNH:0
DA:1,7
DA:14,7
LF:2
LH:2
BRF:0
BRH:0
end_of_record
TN:
SF:src\schemas\feed.shema.ts
FNF:0
FNH:0
DA:1,7
DA:6,7
DA:17,7
LF:3
LH:3
BRF:0
BRH:0
end_of_record
TN:
SF:src\schemas\friendList.schema.ts
FNF:0
FNH:0
DA:1,7
DA:10,7
LF:2
LH:2
BRF:0
BRH:0
end_of_record
TN:
SF:src\schemas\friendRequest.schema.ts
FNF:0
FNH:0
DA:1,7
DA:2,7
DA:14,7
LF:3
LH:3
BRF:0
BRH:0
end_of_record
TN:
SF:src\schemas\message.schema.ts
FNF:0
FNH:0
DA:1,7
DA:16,7
LF:2
LH:2
BRF:0
BRH:0
end_of_record
TN:
SF:src\schemas\notification.schema.ts
FNF:0
FNH:0
DA:1,7
DA:14,7
LF:2
LH:2
BRF:0
BRH:0
end_of_record
TN:
SF:src\schemas\otpvalidation.schema.ts
FNF:0
FNH:0
DA:1,7
DA:11,7
LF:2
LH:2
BRF:0
BRH:0
end_of_record
TN:
SF:src\schemas\reaction.schema.ts
FNF:0
FNH:0
DA:1,7
DA:2,7
DA:12,7
LF:3
LH:3
BRF:0
BRH:0
end_of_record
TN:
SF:src\schemas\room.shcema.ts
FNF:0
FNH:0
DA:1,7
DA:10,7
LF:2
LH:2
BRF:0
BRH:0
end_of_record
TN:
SF:src\schemas\user.schema.ts
FNF:0
FNH:0
DA:1,7
DA:22,7
LF:2
LH:2
BRF:0
BRH:0
end_of_record
TN:
SF:src\utils\crypto.util.ts
FN:6,(anonymous_1)
FN:12,(anonymous_2)
FNF:2
FNH:2
FNDA:1,(anonymous_1)
FNDA:1,(anonymous_2)
DA:1,7
DA:2,7
DA:5,7
DA:7,1
DA:13,1
LF:5
LH:5
BRF:0
BRH:0
end_of_record
TN:
SF:src\utils\email.util.ts
FN:11,(anonymous_2)
FN:13,(anonymous_3)
FNF:2
FNH:2
FNDA:7,(anonymous_2)
FNDA:1,(anonymous_3)
DA:1,7
DA:2,7
DA:9,7
DA:14,1
DA:24,1
DA:29,1
DA:31,1
LF:7
LH:7
BRF:0
BRH:0
end_of_record
